2020-03-26 14:42:36,539 ERROR [http-nio-8080-exec-1] c.n.c.c.a.ExceptionAdvice [ExceptionAdvice.java:22] 服务器发生异常：Missing cookie 'ticket' for method parameter of type String
2020-03-26 14:42:36,545 ERROR [http-nio-8080-exec-1] c.n.c.c.a.ExceptionAdvice [ExceptionAdvice.java:25] org.springframework.web.method.annotation.AbstractCookieValueMethodArgumentResolver.handleMissingValue(AbstractCookieValueMethodArgumentResolver.java:70)
2020-03-26 14:42:36,547 ERROR [http-nio-8080-exec-1] c.n.c.c.a.ExceptionAdvice [ExceptionAdvice.java:25] org.springframework.web.method.annotation.AbstractNamedValueMethodArgumentResolver.handleMissingValue(AbstractNamedValueMethodArgumentResolver.java:221)
2020-03-26 14:42:36,548 ERROR [http-nio-8080-exec-1] c.n.c.c.a.ExceptionAdvice [ExceptionAdvice.java:25] org.springframework.web.method.annotation.AbstractNamedValueMethodArgumentResolver.resolveArgument(AbstractNamedValueMethodArgumentResolver.java:113)
2020-03-26 14:42:36,549 ERROR [http-nio-8080-exec-1] c.n.c.c.a.ExceptionAdvice [ExceptionAdvice.java:25] org.springframework.web.method.support.HandlerMethodArgumentResolverComposite.resolveArgument(HandlerMethodArgumentResolverComposite.java:126)
2020-03-26 14:42:36,549 ERROR [http-nio-8080-exec-1] c.n.c.c.a.ExceptionAdvice [ExceptionAdvice.java:25] org.springframework.web.method.support.InvocableHandlerMethod.getMethodArgumentValues(InvocableHandlerMethod.java:167)
2020-03-26 14:42:36,550 ERROR [http-nio-8080-exec-1] c.n.c.c.a.ExceptionAdvice [ExceptionAdvice.java:25] org.springframework.web.method.support.InvocableHandlerMethod.invokeForRequest(InvocableHandlerMethod.java:134)
2020-03-26 14:42:36,550 ERROR [http-nio-8080-exec-1] c.n.c.c.a.ExceptionAdvice [ExceptionAdvice.java:25] org.springframework.web.servlet.mvc.method.annotation.ServletInvocableHandlerMethod.invokeAndHandle(ServletInvocableHandlerMethod.java:104)
2020-03-26 14:42:36,550 ERROR [http-nio-8080-exec-1] c.n.c.c.a.ExceptionAdvice [ExceptionAdvice.java:25] org.springframework.web.servlet.mvc.method.annotation.RequestMappingHandlerAdapter.invokeHandlerMethod(RequestMappingHandlerAdapter.java:892)
2020-03-26 14:42:36,551 ERROR [http-nio-8080-exec-1] c.n.c.c.a.ExceptionAdvice [ExceptionAdvice.java:25] org.springframework.web.servlet.mvc.method.annotation.RequestMappingHandlerAdapter.handleInternal(RequestMappingHandlerAdapter.java:797)
2020-03-26 14:42:36,551 ERROR [http-nio-8080-exec-1] c.n.c.c.a.ExceptionAdvice [ExceptionAdvice.java:25] org.springframework.web.servlet.mvc.method.AbstractHandlerMethodAdapter.handle(AbstractHandlerMethodAdapter.java:87)
2020-03-26 14:42:36,551 ERROR [http-nio-8080-exec-1] c.n.c.c.a.ExceptionAdvice [ExceptionAdvice.java:25] org.springframework.web.servlet.DispatcherServlet.doDispatch(DispatcherServlet.java:1039)
2020-03-26 14:42:36,552 ERROR [http-nio-8080-exec-1] c.n.c.c.a.ExceptionAdvice [ExceptionAdvice.java:25] org.springframework.web.servlet.DispatcherServlet.doService(DispatcherServlet.java:942)
2020-03-26 14:42:36,552 ERROR [http-nio-8080-exec-1] c.n.c.c.a.ExceptionAdvice [ExceptionAdvice.java:25] org.springframework.web.servlet.FrameworkServlet.processRequest(FrameworkServlet.java:1005)
2020-03-26 14:42:36,552 ERROR [http-nio-8080-exec-1] c.n.c.c.a.ExceptionAdvice [ExceptionAdvice.java:25] org.springframework.web.servlet.FrameworkServlet.doGet(FrameworkServlet.java:897)
2020-03-26 14:42:36,553 ERROR [http-nio-8080-exec-1] c.n.c.c.a.ExceptionAdvice [ExceptionAdvice.java:25] javax.servlet.http.HttpServlet.service(HttpServlet.java:634)
2020-03-26 14:42:36,553 ERROR [http-nio-8080-exec-1] c.n.c.c.a.ExceptionAdvice [ExceptionAdvice.java:25] org.springframework.web.servlet.FrameworkServlet.service(FrameworkServlet.java:882)
2020-03-26 14:42:36,553 ERROR [http-nio-8080-exec-1] c.n.c.c.a.ExceptionAdvice [ExceptionAdvice.java:25] javax.servlet.http.HttpServlet.service(HttpServlet.java:741)
2020-03-26 14:42:36,553 ERROR [http-nio-8080-exec-1] c.n.c.c.a.ExceptionAdvice [ExceptionAdvice.java:25] org.apache.catalina.core.ApplicationFilterChain.internalDoFilter(ApplicationFilterChain.java:231)
2020-03-26 14:42:36,554 ERROR [http-nio-8080-exec-1] c.n.c.c.a.ExceptionAdvice [ExceptionAdvice.java:25] org.apache.catalina.core.ApplicationFilterChain.doFilter(ApplicationFilterChain.java:166)
2020-03-26 14:42:36,554 ERROR [http-nio-8080-exec-1] c.n.c.c.a.ExceptionAdvice [ExceptionAdvice.java:25] org.apache.tomcat.websocket.server.WsFilter.doFilter(WsFilter.java:53)
2020-03-26 14:42:36,554 ERROR [http-nio-8080-exec-1] c.n.c.c.a.ExceptionAdvice [ExceptionAdvice.java:25] org.apache.catalina.core.ApplicationFilterChain.internalDoFilter(ApplicationFilterChain.java:193)
2020-03-26 14:42:36,555 ERROR [http-nio-8080-exec-1] c.n.c.c.a.ExceptionAdvice [ExceptionAdvice.java:25] org.apache.catalina.core.ApplicationFilterChain.doFilter(ApplicationFilterChain.java:166)
2020-03-26 14:42:36,555 ERROR [http-nio-8080-exec-1] c.n.c.c.a.ExceptionAdvice [ExceptionAdvice.java:25] org.springframework.security.web.FilterChainProxy$VirtualFilterChain.doFilter(FilterChainProxy.java:320)
2020-03-26 14:42:36,555 ERROR [http-nio-8080-exec-1] c.n.c.c.a.ExceptionAdvice [ExceptionAdvice.java:25] org.springframework.security.web.access.intercept.FilterSecurityInterceptor.invoke(FilterSecurityInterceptor.java:127)
2020-03-26 14:42:36,556 ERROR [http-nio-8080-exec-1] c.n.c.c.a.ExceptionAdvice [ExceptionAdvice.java:25] org.springframework.security.web.access.intercept.FilterSecurityInterceptor.doFilter(FilterSecurityInterceptor.java:91)
2020-03-26 14:42:36,556 ERROR [http-nio-8080-exec-1] c.n.c.c.a.ExceptionAdvice [ExceptionAdvice.java:25] org.springframework.security.web.FilterChainProxy$VirtualFilterChain.doFilter(FilterChainProxy.java:334)
2020-03-26 14:42:36,556 ERROR [http-nio-8080-exec-1] c.n.c.c.a.ExceptionAdvice [ExceptionAdvice.java:25] org.springframework.security.web.access.ExceptionTranslationFilter.doFilter(ExceptionTranslationFilter.java:119)
2020-03-26 14:42:36,557 ERROR [http-nio-8080-exec-1] c.n.c.c.a.ExceptionAdvice [ExceptionAdvice.java:25] org.springframework.security.web.FilterChainProxy$VirtualFilterChain.doFilter(FilterChainProxy.java:334)
2020-03-26 14:42:36,557 ERROR [http-nio-8080-exec-1] c.n.c.c.a.ExceptionAdvice [ExceptionAdvice.java:25] org.springframework.security.web.session.SessionManagementFilter.doFilter(SessionManagementFilter.java:137)
2020-03-26 14:42:36,557 ERROR [http-nio-8080-exec-1] c.n.c.c.a.ExceptionAdvice [ExceptionAdvice.java:25] org.springframework.security.web.FilterChainProxy$VirtualFilterChain.doFilter(FilterChainProxy.java:334)
2020-03-26 14:42:36,557 ERROR [http-nio-8080-exec-1] c.n.c.c.a.ExceptionAdvice [ExceptionAdvice.java:25] org.springframework.security.web.authentication.AnonymousAuthenticationFilter.doFilter(AnonymousAuthenticationFilter.java:111)
2020-03-26 14:42:36,557 ERROR [http-nio-8080-exec-1] c.n.c.c.a.ExceptionAdvice [ExceptionAdvice.java:25] org.springframework.security.web.FilterChainProxy$VirtualFilterChain.doFilter(FilterChainProxy.java:334)
2020-03-26 14:42:36,558 ERROR [http-nio-8080-exec-1] c.n.c.c.a.ExceptionAdvice [ExceptionAdvice.java:25] org.springframework.security.web.servletapi.SecurityContextHolderAwareRequestFilter.doFilter(SecurityContextHolderAwareRequestFilter.java:170)
2020-03-26 14:42:36,558 ERROR [http-nio-8080-exec-1] c.n.c.c.a.ExceptionAdvice [ExceptionAdvice.java:25] org.springframework.security.web.FilterChainProxy$VirtualFilterChain.doFilter(FilterChainProxy.java:334)
2020-03-26 14:42:36,558 ERROR [http-nio-8080-exec-1] c.n.c.c.a.ExceptionAdvice [ExceptionAdvice.java:25] org.springframework.security.web.savedrequest.RequestCacheAwareFilter.doFilter(RequestCacheAwareFilter.java:63)
2020-03-26 14:42:36,558 ERROR [http-nio-8080-exec-1] c.n.c.c.a.ExceptionAdvice [ExceptionAdvice.java:25] org.springframework.security.web.FilterChainProxy$VirtualFilterChain.doFilter(FilterChainProxy.java:334)
2020-03-26 14:42:36,559 ERROR [http-nio-8080-exec-1] c.n.c.c.a.ExceptionAdvice [ExceptionAdvice.java:25] org.springframework.security.web.authentication.logout.LogoutFilter.doFilter(LogoutFilter.java:116)
2020-03-26 14:42:36,559 ERROR [http-nio-8080-exec-1] c.n.c.c.a.ExceptionAdvice [ExceptionAdvice.java:25] org.springframework.security.web.FilterChainProxy$VirtualFilterChain.doFilter(FilterChainProxy.java:334)
2020-03-26 14:42:36,559 ERROR [http-nio-8080-exec-1] c.n.c.c.a.ExceptionAdvice [ExceptionAdvice.java:25] org.springframework.security.web.header.HeaderWriterFilter.doFilterInternal(HeaderWriterFilter.java:74)
2020-03-26 14:42:36,560 ERROR [http-nio-8080-exec-1] c.n.c.c.a.ExceptionAdvice [ExceptionAdvice.java:25] org.springframework.web.filter.OncePerRequestFilter.doFilter(OncePerRequestFilter.java:109)
2020-03-26 14:42:36,560 ERROR [http-nio-8080-exec-1] c.n.c.c.a.ExceptionAdvice [ExceptionAdvice.java:25] org.springframework.security.web.FilterChainProxy$VirtualFilterChain.doFilter(FilterChainProxy.java:334)
2020-03-26 14:42:36,560 ERROR [http-nio-8080-exec-1] c.n.c.c.a.ExceptionAdvice [ExceptionAdvice.java:25] org.springframework.security.web.context.SecurityContextPersistenceFilter.doFilter(SecurityContextPersistenceFilter.java:105)
2020-03-26 14:42:36,560 ERROR [http-nio-8080-exec-1] c.n.c.c.a.ExceptionAdvice [ExceptionAdvice.java:25] org.springframework.security.web.FilterChainProxy$VirtualFilterChain.doFilter(FilterChainProxy.java:334)
2020-03-26 14:42:36,560 ERROR [http-nio-8080-exec-1] c.n.c.c.a.ExceptionAdvice [ExceptionAdvice.java:25] org.springframework.security.web.context.request.async.WebAsyncManagerIntegrationFilter.doFilterInternal(WebAsyncManagerIntegrationFilter.java:56)
2020-03-26 14:42:36,561 ERROR [http-nio-8080-exec-1] c.n.c.c.a.ExceptionAdvice [ExceptionAdvice.java:25] org.springframework.web.filter.OncePerRequestFilter.doFilter(OncePerRequestFilter.java:109)
2020-03-26 14:42:36,561 ERROR [http-nio-8080-exec-1] c.n.c.c.a.ExceptionAdvice [ExceptionAdvice.java:25] org.springframework.security.web.FilterChainProxy$VirtualFilterChain.doFilter(FilterChainProxy.java:334)
2020-03-26 14:42:36,561 ERROR [http-nio-8080-exec-1] c.n.c.c.a.ExceptionAdvice [ExceptionAdvice.java:25] org.springframework.security.web.FilterChainProxy.doFilterInternal(FilterChainProxy.java:215)
2020-03-26 14:42:36,561 ERROR [http-nio-8080-exec-1] c.n.c.c.a.ExceptionAdvice [ExceptionAdvice.java:25] org.springframework.security.web.FilterChainProxy.doFilter(FilterChainProxy.java:178)
2020-03-26 14:42:36,562 ERROR [http-nio-8080-exec-1] c.n.c.c.a.ExceptionAdvice [ExceptionAdvice.java:25] org.springframework.web.filter.DelegatingFilterProxy.invokeDelegate(DelegatingFilterProxy.java:357)
2020-03-26 14:42:36,562 ERROR [http-nio-8080-exec-1] c.n.c.c.a.ExceptionAdvice [ExceptionAdvice.java:25] org.springframework.web.filter.DelegatingFilterProxy.doFilter(DelegatingFilterProxy.java:270)
2020-03-26 14:42:36,562 ERROR [http-nio-8080-exec-1] c.n.c.c.a.ExceptionAdvice [ExceptionAdvice.java:25] org.apache.catalina.core.ApplicationFilterChain.internalDoFilter(ApplicationFilterChain.java:193)
2020-03-26 14:42:36,562 ERROR [http-nio-8080-exec-1] c.n.c.c.a.ExceptionAdvice [ExceptionAdvice.java:25] org.apache.catalina.core.ApplicationFilterChain.doFilter(ApplicationFilterChain.java:166)
2020-03-26 14:42:36,563 ERROR [http-nio-8080-exec-1] c.n.c.c.a.ExceptionAdvice [ExceptionAdvice.java:25] org.springframework.web.filter.RequestContextFilter.doFilterInternal(RequestContextFilter.java:99)
2020-03-26 14:42:36,563 ERROR [http-nio-8080-exec-1] c.n.c.c.a.ExceptionAdvice [ExceptionAdvice.java:25] org.springframework.web.filter.OncePerRequestFilter.doFilter(OncePerRequestFilter.java:109)
2020-03-26 14:42:36,563 ERROR [http-nio-8080-exec-1] c.n.c.c.a.ExceptionAdvice [ExceptionAdvice.java:25] org.apache.catalina.core.ApplicationFilterChain.internalDoFilter(ApplicationFilterChain.java:193)
2020-03-26 14:42:36,563 ERROR [http-nio-8080-exec-1] c.n.c.c.a.ExceptionAdvice [ExceptionAdvice.java:25] org.apache.catalina.core.ApplicationFilterChain.doFilter(ApplicationFilterChain.java:166)
2020-03-26 14:42:36,564 ERROR [http-nio-8080-exec-1] c.n.c.c.a.ExceptionAdvice [ExceptionAdvice.java:25] org.springframework.web.filter.FormContentFilter.doFilterInternal(FormContentFilter.java:92)
2020-03-26 14:42:36,564 ERROR [http-nio-8080-exec-1] c.n.c.c.a.ExceptionAdvice [ExceptionAdvice.java:25] org.springframework.web.filter.OncePerRequestFilter.doFilter(OncePerRequestFilter.java:109)
2020-03-26 14:42:36,564 ERROR [http-nio-8080-exec-1] c.n.c.c.a.ExceptionAdvice [ExceptionAdvice.java:25] org.apache.catalina.core.ApplicationFilterChain.internalDoFilter(ApplicationFilterChain.java:193)
2020-03-26 14:42:36,564 ERROR [http-nio-8080-exec-1] c.n.c.c.a.ExceptionAdvice [ExceptionAdvice.java:25] org.apache.catalina.core.ApplicationFilterChain.doFilter(ApplicationFilterChain.java:166)
2020-03-26 14:42:36,564 ERROR [http-nio-8080-exec-1] c.n.c.c.a.ExceptionAdvice [ExceptionAdvice.java:25] org.springframework.web.filter.HiddenHttpMethodFilter.doFilterInternal(HiddenHttpMethodFilter.java:93)
2020-03-26 14:42:36,564 ERROR [http-nio-8080-exec-1] c.n.c.c.a.ExceptionAdvice [ExceptionAdvice.java:25] org.springframework.web.filter.OncePerRequestFilter.doFilter(OncePerRequestFilter.java:109)
2020-03-26 14:42:36,565 ERROR [http-nio-8080-exec-1] c.n.c.c.a.ExceptionAdvice [ExceptionAdvice.java:25] org.apache.catalina.core.ApplicationFilterChain.internalDoFilter(ApplicationFilterChain.java:193)
2020-03-26 14:42:36,565 ERROR [http-nio-8080-exec-1] c.n.c.c.a.ExceptionAdvice [ExceptionAdvice.java:25] org.apache.catalina.core.ApplicationFilterChain.doFilter(ApplicationFilterChain.java:166)
2020-03-26 14:42:36,565 ERROR [http-nio-8080-exec-1] c.n.c.c.a.ExceptionAdvice [ExceptionAdvice.java:25] org.springframework.web.filter.CharacterEncodingFilter.doFilterInternal(CharacterEncodingFilter.java:200)
2020-03-26 14:42:36,565 ERROR [http-nio-8080-exec-1] c.n.c.c.a.ExceptionAdvice [ExceptionAdvice.java:25] org.springframework.web.filter.OncePerRequestFilter.doFilter(OncePerRequestFilter.java:109)
2020-03-26 14:42:36,565 ERROR [http-nio-8080-exec-1] c.n.c.c.a.ExceptionAdvice [ExceptionAdvice.java:25] org.apache.catalina.core.ApplicationFilterChain.internalDoFilter(ApplicationFilterChain.java:193)
2020-03-26 14:42:36,565 ERROR [http-nio-8080-exec-1] c.n.c.c.a.ExceptionAdvice [ExceptionAdvice.java:25] org.apache.catalina.core.ApplicationFilterChain.doFilter(ApplicationFilterChain.java:166)
2020-03-26 14:42:36,566 ERROR [http-nio-8080-exec-1] c.n.c.c.a.ExceptionAdvice [ExceptionAdvice.java:25] org.apache.catalina.core.StandardWrapperValve.invoke(StandardWrapperValve.java:202)
2020-03-26 14:42:36,566 ERROR [http-nio-8080-exec-1] c.n.c.c.a.ExceptionAdvice [ExceptionAdvice.java:25] org.apache.catalina.core.StandardContextValve.invoke(StandardContextValve.java:96)
2020-03-26 14:42:36,566 ERROR [http-nio-8080-exec-1] c.n.c.c.a.ExceptionAdvice [ExceptionAdvice.java:25] org.apache.catalina.authenticator.AuthenticatorBase.invoke(AuthenticatorBase.java:490)
2020-03-26 14:42:36,566 ERROR [http-nio-8080-exec-1] c.n.c.c.a.ExceptionAdvice [ExceptionAdvice.java:25] org.apache.catalina.core.StandardHostValve.invoke(StandardHostValve.java:139)
2020-03-26 14:42:36,566 ERROR [http-nio-8080-exec-1] c.n.c.c.a.ExceptionAdvice [ExceptionAdvice.java:25] org.apache.catalina.valves.ErrorReportValve.invoke(ErrorReportValve.java:92)
2020-03-26 14:42:36,566 ERROR [http-nio-8080-exec-1] c.n.c.c.a.ExceptionAdvice [ExceptionAdvice.java:25] org.apache.catalina.core.StandardEngineValve.invoke(StandardEngineValve.java:74)
2020-03-26 14:42:36,566 ERROR [http-nio-8080-exec-1] c.n.c.c.a.ExceptionAdvice [ExceptionAdvice.java:25] org.apache.catalina.connector.CoyoteAdapter.service(CoyoteAdapter.java:343)
2020-03-26 14:42:36,567 ERROR [http-nio-8080-exec-1] c.n.c.c.a.ExceptionAdvice [ExceptionAdvice.java:25] org.apache.coyote.http11.Http11Processor.service(Http11Processor.java:408)
2020-03-26 14:42:36,567 ERROR [http-nio-8080-exec-1] c.n.c.c.a.ExceptionAdvice [ExceptionAdvice.java:25] org.apache.coyote.AbstractProcessorLight.process(AbstractProcessorLight.java:66)
2020-03-26 14:42:36,567 ERROR [http-nio-8080-exec-1] c.n.c.c.a.ExceptionAdvice [ExceptionAdvice.java:25] org.apache.coyote.AbstractProtocol$ConnectionHandler.process(AbstractProtocol.java:853)
2020-03-26 14:42:36,567 ERROR [http-nio-8080-exec-1] c.n.c.c.a.ExceptionAdvice [ExceptionAdvice.java:25] org.apache.tomcat.util.net.NioEndpoint$SocketProcessor.doRun(NioEndpoint.java:1587)
2020-03-26 14:42:36,567 ERROR [http-nio-8080-exec-1] c.n.c.c.a.ExceptionAdvice [ExceptionAdvice.java:25] org.apache.tomcat.util.net.SocketProcessorBase.run(SocketProcessorBase.java:49)
2020-03-26 14:42:36,567 ERROR [http-nio-8080-exec-1] c.n.c.c.a.ExceptionAdvice [ExceptionAdvice.java:25] java.base/java.util.concurrent.ThreadPoolExecutor.runWorker(ThreadPoolExecutor.java:1128)
2020-03-26 14:42:36,567 ERROR [http-nio-8080-exec-1] c.n.c.c.a.ExceptionAdvice [ExceptionAdvice.java:25] java.base/java.util.concurrent.ThreadPoolExecutor$Worker.run(ThreadPoolExecutor.java:628)
2020-03-26 14:42:36,567 ERROR [http-nio-8080-exec-1] c.n.c.c.a.ExceptionAdvice [ExceptionAdvice.java:25] org.apache.tomcat.util.threads.TaskThread$WrappingRunnable.run(TaskThread.java:61)
2020-03-26 14:42:36,568 ERROR [http-nio-8080-exec-1] c.n.c.c.a.ExceptionAdvice [ExceptionAdvice.java:25] java.base/java.lang.Thread.run(Thread.java:834)
2020-03-26 14:56:21,965 ERROR [http-nio-8080-exec-10] c.n.c.c.a.ExceptionAdvice [ExceptionAdvice.java:22] 服务器发生异常：Unknown redis exception; nested exception is java.lang.IllegalArgumentException: Keys must not be empty
2020-03-26 14:56:21,977 ERROR [http-nio-8080-exec-10] c.n.c.c.a.ExceptionAdvice [ExceptionAdvice.java:25] org.springframework.data.redis.FallbackExceptionTranslationStrategy.getFallback(FallbackExceptionTranslationStrategy.java:53)
2020-03-26 14:56:21,978 ERROR [http-nio-8080-exec-10] c.n.c.c.a.ExceptionAdvice [ExceptionAdvice.java:25] org.springframework.data.redis.FallbackExceptionTranslationStrategy.translate(FallbackExceptionTranslationStrategy.java:43)
2020-03-26 14:56:21,978 ERROR [http-nio-8080-exec-10] c.n.c.c.a.ExceptionAdvice [ExceptionAdvice.java:25] org.springframework.data.redis.connection.lettuce.LettuceConnection.convertLettuceAccessException(LettuceConnection.java:268)
2020-03-26 14:56:21,978 ERROR [http-nio-8080-exec-10] c.n.c.c.a.ExceptionAdvice [ExceptionAdvice.java:25] org.springframework.data.redis.connection.lettuce.LettuceStringCommands.convertLettuceAccessException(LettuceStringCommands.java:799)
2020-03-26 14:56:21,978 ERROR [http-nio-8080-exec-10] c.n.c.c.a.ExceptionAdvice [ExceptionAdvice.java:25] org.springframework.data.redis.connection.lettuce.LettuceStringCommands.bitOp(LettuceStringCommands.java:661)
2020-03-26 14:56:21,978 ERROR [http-nio-8080-exec-10] c.n.c.c.a.ExceptionAdvice [ExceptionAdvice.java:25] org.springframework.data.redis.connection.DefaultedRedisConnection.bitOp(DefaultedRedisConnection.java:414)
2020-03-26 14:56:21,979 ERROR [http-nio-8080-exec-10] c.n.c.c.a.ExceptionAdvice [ExceptionAdvice.java:25] java.base/jdk.internal.reflect.NativeMethodAccessorImpl.invoke0(Native Method)
2020-03-26 14:56:21,979 ERROR [http-nio-8080-exec-10] c.n.c.c.a.ExceptionAdvice [ExceptionAdvice.java:25] java.base/jdk.internal.reflect.NativeMethodAccessorImpl.invoke(NativeMethodAccessorImpl.java:62)
2020-03-26 14:56:21,979 ERROR [http-nio-8080-exec-10] c.n.c.c.a.ExceptionAdvice [ExceptionAdvice.java:25] java.base/jdk.internal.reflect.DelegatingMethodAccessorImpl.invoke(DelegatingMethodAccessorImpl.java:43)
2020-03-26 14:56:21,979 ERROR [http-nio-8080-exec-10] c.n.c.c.a.ExceptionAdvice [ExceptionAdvice.java:25] java.base/java.lang.reflect.Method.invoke(Method.java:566)
2020-03-26 14:56:21,979 ERROR [http-nio-8080-exec-10] c.n.c.c.a.ExceptionAdvice [ExceptionAdvice.java:25] org.springframework.data.redis.core.CloseSuppressingInvocationHandler.invoke(CloseSuppressingInvocationHandler.java:61)
2020-03-26 14:56:21,979 ERROR [http-nio-8080-exec-10] c.n.c.c.a.ExceptionAdvice [ExceptionAdvice.java:25] com.sun.proxy.$Proxy138.bitOp(Unknown Source)
2020-03-26 14:56:21,979 ERROR [http-nio-8080-exec-10] c.n.c.c.a.ExceptionAdvice [ExceptionAdvice.java:25] com.nowcoder.community.service.DataService$1.doInRedis(DataService.java:76)
2020-03-26 14:56:21,979 ERROR [http-nio-8080-exec-10] c.n.c.c.a.ExceptionAdvice [ExceptionAdvice.java:25] org.springframework.data.redis.core.RedisTemplate.execute(RedisTemplate.java:224)
2020-03-26 14:56:21,980 ERROR [http-nio-8080-exec-10] c.n.c.c.a.ExceptionAdvice [ExceptionAdvice.java:25] org.springframework.data.redis.core.RedisTemplate.execute(RedisTemplate.java:184)
2020-03-26 14:56:21,980 ERROR [http-nio-8080-exec-10] c.n.c.c.a.ExceptionAdvice [ExceptionAdvice.java:25] org.springframework.data.redis.core.RedisTemplate.execute(RedisTemplate.java:171)
2020-03-26 14:56:21,980 ERROR [http-nio-8080-exec-10] c.n.c.c.a.ExceptionAdvice [ExceptionAdvice.java:25] com.nowcoder.community.service.DataService.calculateDAU(DataService.java:72)
2020-03-26 14:56:21,980 ERROR [http-nio-8080-exec-10] c.n.c.c.a.ExceptionAdvice [ExceptionAdvice.java:25] com.nowcoder.community.service.DataService$$FastClassBySpringCGLIB$$4a21fabb.invoke(<generated>)
2020-03-26 14:56:21,980 ERROR [http-nio-8080-exec-10] c.n.c.c.a.ExceptionAdvice [ExceptionAdvice.java:25] org.springframework.cglib.proxy.MethodProxy.invoke(MethodProxy.java:218)
2020-03-26 14:56:21,980 ERROR [http-nio-8080-exec-10] c.n.c.c.a.ExceptionAdvice [ExceptionAdvice.java:25] org.springframework.aop.framework.CglibAopProxy$CglibMethodInvocation.invokeJoinpoint(CglibAopProxy.java:749)
2020-03-26 14:56:21,980 ERROR [http-nio-8080-exec-10] c.n.c.c.a.ExceptionAdvice [ExceptionAdvice.java:25] org.springframework.aop.framework.ReflectiveMethodInvocation.proceed(ReflectiveMethodInvocation.java:163)
2020-03-26 14:56:21,980 ERROR [http-nio-8080-exec-10] c.n.c.c.a.ExceptionAdvice [ExceptionAdvice.java:25] org.springframework.aop.framework.adapter.MethodBeforeAdviceInterceptor.invoke(MethodBeforeAdviceInterceptor.java:56)
2020-03-26 14:56:21,980 ERROR [http-nio-8080-exec-10] c.n.c.c.a.ExceptionAdvice [ExceptionAdvice.java:25] org.springframework.aop.framework.ReflectiveMethodInvocation.proceed(ReflectiveMethodInvocation.java:186)
2020-03-26 14:56:21,981 ERROR [http-nio-8080-exec-10] c.n.c.c.a.ExceptionAdvice [ExceptionAdvice.java:25] org.springframework.aop.interceptor.ExposeInvocationInterceptor.invoke(ExposeInvocationInterceptor.java:93)
2020-03-26 14:56:21,981 ERROR [http-nio-8080-exec-10] c.n.c.c.a.ExceptionAdvice [ExceptionAdvice.java:25] org.springframework.aop.framework.ReflectiveMethodInvocation.proceed(ReflectiveMethodInvocation.java:186)
2020-03-26 14:56:21,981 ERROR [http-nio-8080-exec-10] c.n.c.c.a.ExceptionAdvice [ExceptionAdvice.java:25] org.springframework.aop.framework.CglibAopProxy$DynamicAdvisedInterceptor.intercept(CglibAopProxy.java:688)
2020-03-26 14:56:21,981 ERROR [http-nio-8080-exec-10] c.n.c.c.a.ExceptionAdvice [ExceptionAdvice.java:25] com.nowcoder.community.service.DataService$$EnhancerBySpringCGLIB$$68c7ea8c.calculateDAU(<generated>)
2020-03-26 14:56:21,981 ERROR [http-nio-8080-exec-10] c.n.c.c.a.ExceptionAdvice [ExceptionAdvice.java:25] com.nowcoder.community.controller.DataController.getDAU(DataController.java:37)
2020-03-26 14:56:21,981 ERROR [http-nio-8080-exec-10] c.n.c.c.a.ExceptionAdvice [ExceptionAdvice.java:25] java.base/jdk.internal.reflect.NativeMethodAccessorImpl.invoke0(Native Method)
2020-03-26 14:56:21,981 ERROR [http-nio-8080-exec-10] c.n.c.c.a.ExceptionAdvice [ExceptionAdvice.java:25] java.base/jdk.internal.reflect.NativeMethodAccessorImpl.invoke(NativeMethodAccessorImpl.java:62)
2020-03-26 14:56:21,981 ERROR [http-nio-8080-exec-10] c.n.c.c.a.ExceptionAdvice [ExceptionAdvice.java:25] java.base/jdk.internal.reflect.DelegatingMethodAccessorImpl.invoke(DelegatingMethodAccessorImpl.java:43)
2020-03-26 14:56:21,981 ERROR [http-nio-8080-exec-10] c.n.c.c.a.ExceptionAdvice [ExceptionAdvice.java:25] java.base/java.lang.reflect.Method.invoke(Method.java:566)
2020-03-26 14:56:21,982 ERROR [http-nio-8080-exec-10] c.n.c.c.a.ExceptionAdvice [ExceptionAdvice.java:25] org.springframework.web.method.support.InvocableHandlerMethod.doInvoke(InvocableHandlerMethod.java:190)
2020-03-26 14:56:21,982 ERROR [http-nio-8080-exec-10] c.n.c.c.a.ExceptionAdvice [ExceptionAdvice.java:25] org.springframework.web.method.support.InvocableHandlerMethod.invokeForRequest(InvocableHandlerMethod.java:138)
2020-03-26 14:56:21,982 ERROR [http-nio-8080-exec-10] c.n.c.c.a.ExceptionAdvice [ExceptionAdvice.java:25] org.springframework.web.servlet.mvc.method.annotation.ServletInvocableHandlerMethod.invokeAndHandle(ServletInvocableHandlerMethod.java:104)
2020-03-26 14:56:21,982 ERROR [http-nio-8080-exec-10] c.n.c.c.a.ExceptionAdvice [ExceptionAdvice.java:25] org.springframework.web.servlet.mvc.method.annotation.RequestMappingHandlerAdapter.invokeHandlerMethod(RequestMappingHandlerAdapter.java:892)
2020-03-26 14:56:21,982 ERROR [http-nio-8080-exec-10] c.n.c.c.a.ExceptionAdvice [ExceptionAdvice.java:25] org.springframework.web.servlet.mvc.method.annotation.RequestMappingHandlerAdapter.handleInternal(RequestMappingHandlerAdapter.java:797)
2020-03-26 14:56:21,982 ERROR [http-nio-8080-exec-10] c.n.c.c.a.ExceptionAdvice [ExceptionAdvice.java:25] org.springframework.web.servlet.mvc.method.AbstractHandlerMethodAdapter.handle(AbstractHandlerMethodAdapter.java:87)
2020-03-26 14:56:21,982 ERROR [http-nio-8080-exec-10] c.n.c.c.a.ExceptionAdvice [ExceptionAdvice.java:25] org.springframework.web.servlet.DispatcherServlet.doDispatch(DispatcherServlet.java:1039)
2020-03-26 14:56:21,982 ERROR [http-nio-8080-exec-10] c.n.c.c.a.ExceptionAdvice [ExceptionAdvice.java:25] org.springframework.web.servlet.DispatcherServlet.doService(DispatcherServlet.java:942)
2020-03-26 14:56:21,982 ERROR [http-nio-8080-exec-10] c.n.c.c.a.ExceptionAdvice [ExceptionAdvice.java:25] org.springframework.web.servlet.FrameworkServlet.processRequest(FrameworkServlet.java:1005)
2020-03-26 14:56:21,983 ERROR [http-nio-8080-exec-10] c.n.c.c.a.ExceptionAdvice [ExceptionAdvice.java:25] org.springframework.web.servlet.FrameworkServlet.doPost(FrameworkServlet.java:908)
2020-03-26 14:56:21,983 ERROR [http-nio-8080-exec-10] c.n.c.c.a.ExceptionAdvice [ExceptionAdvice.java:25] javax.servlet.http.HttpServlet.service(HttpServlet.java:660)
2020-03-26 14:56:21,983 ERROR [http-nio-8080-exec-10] c.n.c.c.a.ExceptionAdvice [ExceptionAdvice.java:25] org.springframework.web.servlet.FrameworkServlet.service(FrameworkServlet.java:882)
2020-03-26 14:56:21,983 ERROR [http-nio-8080-exec-10] c.n.c.c.a.ExceptionAdvice [ExceptionAdvice.java:25] javax.servlet.http.HttpServlet.service(HttpServlet.java:741)
2020-03-26 14:56:21,983 ERROR [http-nio-8080-exec-10] c.n.c.c.a.ExceptionAdvice [ExceptionAdvice.java:25] org.apache.catalina.core.ApplicationFilterChain.internalDoFilter(ApplicationFilterChain.java:231)
2020-03-26 14:56:21,983 ERROR [http-nio-8080-exec-10] c.n.c.c.a.ExceptionAdvice [ExceptionAdvice.java:25] org.apache.catalina.core.ApplicationFilterChain.doFilter(ApplicationFilterChain.java:166)
2020-03-26 14:56:21,983 ERROR [http-nio-8080-exec-10] c.n.c.c.a.ExceptionAdvice [ExceptionAdvice.java:25] org.apache.tomcat.websocket.server.WsFilter.doFilter(WsFilter.java:53)
2020-03-26 14:56:21,983 ERROR [http-nio-8080-exec-10] c.n.c.c.a.ExceptionAdvice [ExceptionAdvice.java:25] org.apache.catalina.core.ApplicationFilterChain.internalDoFilter(ApplicationFilterChain.java:193)
2020-03-26 14:56:21,984 ERROR [http-nio-8080-exec-10] c.n.c.c.a.ExceptionAdvice [ExceptionAdvice.java:25] org.apache.catalina.core.ApplicationFilterChain.doFilter(ApplicationFilterChain.java:166)
2020-03-26 14:56:21,984 ERROR [http-nio-8080-exec-10] c.n.c.c.a.ExceptionAdvice [ExceptionAdvice.java:25] org.springframework.security.web.FilterChainProxy$VirtualFilterChain.doFilter(FilterChainProxy.java:320)
2020-03-26 14:56:21,984 ERROR [http-nio-8080-exec-10] c.n.c.c.a.ExceptionAdvice [ExceptionAdvice.java:25] org.springframework.security.web.access.intercept.FilterSecurityInterceptor.invoke(FilterSecurityInterceptor.java:127)
2020-03-26 14:56:21,984 ERROR [http-nio-8080-exec-10] c.n.c.c.a.ExceptionAdvice [ExceptionAdvice.java:25] org.springframework.security.web.access.intercept.FilterSecurityInterceptor.doFilter(FilterSecurityInterceptor.java:91)
2020-03-26 14:56:21,984 ERROR [http-nio-8080-exec-10] c.n.c.c.a.ExceptionAdvice [ExceptionAdvice.java:25] org.springframework.security.web.FilterChainProxy$VirtualFilterChain.doFilter(FilterChainProxy.java:334)
2020-03-26 14:56:21,984 ERROR [http-nio-8080-exec-10] c.n.c.c.a.ExceptionAdvice [ExceptionAdvice.java:25] org.springframework.security.web.access.ExceptionTranslationFilter.doFilter(ExceptionTranslationFilter.java:119)
2020-03-26 14:56:21,984 ERROR [http-nio-8080-exec-10] c.n.c.c.a.ExceptionAdvice [ExceptionAdvice.java:25] org.springframework.security.web.FilterChainProxy$VirtualFilterChain.doFilter(FilterChainProxy.java:334)
2020-03-26 14:56:21,984 ERROR [http-nio-8080-exec-10] c.n.c.c.a.ExceptionAdvice [ExceptionAdvice.java:25] org.springframework.security.web.session.SessionManagementFilter.doFilter(SessionManagementFilter.java:137)
2020-03-26 14:56:21,984 ERROR [http-nio-8080-exec-10] c.n.c.c.a.ExceptionAdvice [ExceptionAdvice.java:25] org.springframework.security.web.FilterChainProxy$VirtualFilterChain.doFilter(FilterChainProxy.java:334)
2020-03-26 14:56:21,985 ERROR [http-nio-8080-exec-10] c.n.c.c.a.ExceptionAdvice [ExceptionAdvice.java:25] org.springframework.security.web.authentication.AnonymousAuthenticationFilter.doFilter(AnonymousAuthenticationFilter.java:111)
2020-03-26 14:56:21,985 ERROR [http-nio-8080-exec-10] c.n.c.c.a.ExceptionAdvice [ExceptionAdvice.java:25] org.springframework.security.web.FilterChainProxy$VirtualFilterChain.doFilter(FilterChainProxy.java:334)
2020-03-26 14:56:21,985 ERROR [http-nio-8080-exec-10] c.n.c.c.a.ExceptionAdvice [ExceptionAdvice.java:25] org.springframework.security.web.servletapi.SecurityContextHolderAwareRequestFilter.doFilter(SecurityContextHolderAwareRequestFilter.java:170)
2020-03-26 14:56:21,985 ERROR [http-nio-8080-exec-10] c.n.c.c.a.ExceptionAdvice [ExceptionAdvice.java:25] org.springframework.security.web.FilterChainProxy$VirtualFilterChain.doFilter(FilterChainProxy.java:334)
2020-03-26 14:56:21,985 ERROR [http-nio-8080-exec-10] c.n.c.c.a.ExceptionAdvice [ExceptionAdvice.java:25] org.springframework.security.web.savedrequest.RequestCacheAwareFilter.doFilter(RequestCacheAwareFilter.java:63)
2020-03-26 14:56:21,985 ERROR [http-nio-8080-exec-10] c.n.c.c.a.ExceptionAdvice [ExceptionAdvice.java:25] org.springframework.security.web.FilterChainProxy$VirtualFilterChain.doFilter(FilterChainProxy.java:334)
2020-03-26 14:56:21,985 ERROR [http-nio-8080-exec-10] c.n.c.c.a.ExceptionAdvice [ExceptionAdvice.java:25] org.springframework.security.web.authentication.logout.LogoutFilter.doFilter(LogoutFilter.java:116)
2020-03-26 14:56:21,985 ERROR [http-nio-8080-exec-10] c.n.c.c.a.ExceptionAdvice [ExceptionAdvice.java:25] org.springframework.security.web.FilterChainProxy$VirtualFilterChain.doFilter(FilterChainProxy.java:334)
2020-03-26 14:56:21,985 ERROR [http-nio-8080-exec-10] c.n.c.c.a.ExceptionAdvice [ExceptionAdvice.java:25] org.springframework.security.web.header.HeaderWriterFilter.doFilterInternal(HeaderWriterFilter.java:74)
2020-03-26 14:56:21,986 ERROR [http-nio-8080-exec-10] c.n.c.c.a.ExceptionAdvice [ExceptionAdvice.java:25] org.springframework.web.filter.OncePerRequestFilter.doFilter(OncePerRequestFilter.java:109)
2020-03-26 14:56:21,986 ERROR [http-nio-8080-exec-10] c.n.c.c.a.ExceptionAdvice [ExceptionAdvice.java:25] org.springframework.security.web.FilterChainProxy$VirtualFilterChain.doFilter(FilterChainProxy.java:334)
2020-03-26 14:56:21,986 ERROR [http-nio-8080-exec-10] c.n.c.c.a.ExceptionAdvice [ExceptionAdvice.java:25] org.springframework.security.web.context.SecurityContextPersistenceFilter.doFilter(SecurityContextPersistenceFilter.java:105)
2020-03-26 14:56:21,988 ERROR [http-nio-8080-exec-10] c.n.c.c.a.ExceptionAdvice [ExceptionAdvice.java:25] org.springframework.security.web.FilterChainProxy$VirtualFilterChain.doFilter(FilterChainProxy.java:334)
2020-03-26 14:56:21,989 ERROR [http-nio-8080-exec-10] c.n.c.c.a.ExceptionAdvice [ExceptionAdvice.java:25] org.springframework.security.web.context.request.async.WebAsyncManagerIntegrationFilter.doFilterInternal(WebAsyncManagerIntegrationFilter.java:56)
2020-03-26 14:56:21,990 ERROR [http-nio-8080-exec-10] c.n.c.c.a.ExceptionAdvice [ExceptionAdvice.java:25] org.springframework.web.filter.OncePerRequestFilter.doFilter(OncePerRequestFilter.java:109)
2020-03-26 14:56:21,990 ERROR [http-nio-8080-exec-10] c.n.c.c.a.ExceptionAdvice [ExceptionAdvice.java:25] org.springframework.security.web.FilterChainProxy$VirtualFilterChain.doFilter(FilterChainProxy.java:334)
2020-03-26 14:56:21,991 ERROR [http-nio-8080-exec-10] c.n.c.c.a.ExceptionAdvice [ExceptionAdvice.java:25] org.springframework.security.web.FilterChainProxy.doFilterInternal(FilterChainProxy.java:215)
2020-03-26 14:56:21,991 ERROR [http-nio-8080-exec-10] c.n.c.c.a.ExceptionAdvice [ExceptionAdvice.java:25] org.springframework.security.web.FilterChainProxy.doFilter(FilterChainProxy.java:178)
2020-03-26 14:56:21,991 ERROR [http-nio-8080-exec-10] c.n.c.c.a.ExceptionAdvice [ExceptionAdvice.java:25] org.springframework.web.filter.DelegatingFilterProxy.invokeDelegate(DelegatingFilterProxy.java:357)
2020-03-26 14:56:21,991 ERROR [http-nio-8080-exec-10] c.n.c.c.a.ExceptionAdvice [ExceptionAdvice.java:25] org.springframework.web.filter.DelegatingFilterProxy.doFilter(DelegatingFilterProxy.java:270)
2020-03-26 14:56:21,992 ERROR [http-nio-8080-exec-10] c.n.c.c.a.ExceptionAdvice [ExceptionAdvice.java:25] org.apache.catalina.core.ApplicationFilterChain.internalDoFilter(ApplicationFilterChain.java:193)
2020-03-26 14:56:21,992 ERROR [http-nio-8080-exec-10] c.n.c.c.a.ExceptionAdvice [ExceptionAdvice.java:25] org.apache.catalina.core.ApplicationFilterChain.doFilter(ApplicationFilterChain.java:166)
2020-03-26 14:56:21,992 ERROR [http-nio-8080-exec-10] c.n.c.c.a.ExceptionAdvice [ExceptionAdvice.java:25] org.springframework.web.filter.RequestContextFilter.doFilterInternal(RequestContextFilter.java:99)
2020-03-26 14:56:21,992 ERROR [http-nio-8080-exec-10] c.n.c.c.a.ExceptionAdvice [ExceptionAdvice.java:25] org.springframework.web.filter.OncePerRequestFilter.doFilter(OncePerRequestFilter.java:109)
2020-03-26 14:56:21,993 ERROR [http-nio-8080-exec-10] c.n.c.c.a.ExceptionAdvice [ExceptionAdvice.java:25] org.apache.catalina.core.ApplicationFilterChain.internalDoFilter(ApplicationFilterChain.java:193)
2020-03-26 14:56:21,993 ERROR [http-nio-8080-exec-10] c.n.c.c.a.ExceptionAdvice [ExceptionAdvice.java:25] org.apache.catalina.core.ApplicationFilterChain.doFilter(ApplicationFilterChain.java:166)
2020-03-26 14:56:21,994 ERROR [http-nio-8080-exec-10] c.n.c.c.a.ExceptionAdvice [ExceptionAdvice.java:25] org.springframework.web.filter.FormContentFilter.doFilterInternal(FormContentFilter.java:92)
2020-03-26 14:56:21,994 ERROR [http-nio-8080-exec-10] c.n.c.c.a.ExceptionAdvice [ExceptionAdvice.java:25] org.springframework.web.filter.OncePerRequestFilter.doFilter(OncePerRequestFilter.java:109)
2020-03-26 14:56:21,994 ERROR [http-nio-8080-exec-10] c.n.c.c.a.ExceptionAdvice [ExceptionAdvice.java:25] org.apache.catalina.core.ApplicationFilterChain.internalDoFilter(ApplicationFilterChain.java:193)
2020-03-26 14:56:21,994 ERROR [http-nio-8080-exec-10] c.n.c.c.a.ExceptionAdvice [ExceptionAdvice.java:25] org.apache.catalina.core.ApplicationFilterChain.doFilter(ApplicationFilterChain.java:166)
2020-03-26 14:56:21,995 ERROR [http-nio-8080-exec-10] c.n.c.c.a.ExceptionAdvice [ExceptionAdvice.java:25] org.springframework.web.filter.HiddenHttpMethodFilter.doFilterInternal(HiddenHttpMethodFilter.java:93)
2020-03-26 14:56:21,995 ERROR [http-nio-8080-exec-10] c.n.c.c.a.ExceptionAdvice [ExceptionAdvice.java:25] org.springframework.web.filter.OncePerRequestFilter.doFilter(OncePerRequestFilter.java:109)
2020-03-26 14:56:21,995 ERROR [http-nio-8080-exec-10] c.n.c.c.a.ExceptionAdvice [ExceptionAdvice.java:25] org.apache.catalina.core.ApplicationFilterChain.internalDoFilter(ApplicationFilterChain.java:193)
2020-03-26 14:56:21,995 ERROR [http-nio-8080-exec-10] c.n.c.c.a.ExceptionAdvice [ExceptionAdvice.java:25] org.apache.catalina.core.ApplicationFilterChain.doFilter(ApplicationFilterChain.java:166)
2020-03-26 14:56:21,995 ERROR [http-nio-8080-exec-10] c.n.c.c.a.ExceptionAdvice [ExceptionAdvice.java:25] org.springframework.web.filter.CharacterEncodingFilter.doFilterInternal(CharacterEncodingFilter.java:200)
2020-03-26 14:56:21,995 ERROR [http-nio-8080-exec-10] c.n.c.c.a.ExceptionAdvice [ExceptionAdvice.java:25] org.springframework.web.filter.OncePerRequestFilter.doFilter(OncePerRequestFilter.java:109)
2020-03-26 14:56:21,995 ERROR [http-nio-8080-exec-10] c.n.c.c.a.ExceptionAdvice [ExceptionAdvice.java:25] org.apache.catalina.core.ApplicationFilterChain.internalDoFilter(ApplicationFilterChain.java:193)
2020-03-26 14:56:21,996 ERROR [http-nio-8080-exec-10] c.n.c.c.a.ExceptionAdvice [ExceptionAdvice.java:25] org.apache.catalina.core.ApplicationFilterChain.doFilter(ApplicationFilterChain.java:166)
2020-03-26 14:56:21,996 ERROR [http-nio-8080-exec-10] c.n.c.c.a.ExceptionAdvice [ExceptionAdvice.java:25] org.apache.catalina.core.StandardWrapperValve.invoke(StandardWrapperValve.java:202)
2020-03-26 14:56:21,996 ERROR [http-nio-8080-exec-10] c.n.c.c.a.ExceptionAdvice [ExceptionAdvice.java:25] org.apache.catalina.core.StandardContextValve.invoke(StandardContextValve.java:96)
2020-03-26 14:56:21,996 ERROR [http-nio-8080-exec-10] c.n.c.c.a.ExceptionAdvice [ExceptionAdvice.java:25] org.apache.catalina.authenticator.AuthenticatorBase.invoke(AuthenticatorBase.java:490)
2020-03-26 14:56:21,996 ERROR [http-nio-8080-exec-10] c.n.c.c.a.ExceptionAdvice [ExceptionAdvice.java:25] org.apache.catalina.core.StandardHostValve.invoke(StandardHostValve.java:139)
2020-03-26 14:56:21,996 ERROR [http-nio-8080-exec-10] c.n.c.c.a.ExceptionAdvice [ExceptionAdvice.java:25] org.apache.catalina.valves.ErrorReportValve.invoke(ErrorReportValve.java:92)
2020-03-26 14:56:21,996 ERROR [http-nio-8080-exec-10] c.n.c.c.a.ExceptionAdvice [ExceptionAdvice.java:25] org.apache.catalina.core.StandardEngineValve.invoke(StandardEngineValve.java:74)
2020-03-26 14:56:21,996 ERROR [http-nio-8080-exec-10] c.n.c.c.a.ExceptionAdvice [ExceptionAdvice.java:25] org.apache.catalina.connector.CoyoteAdapter.service(CoyoteAdapter.java:343)
2020-03-26 14:56:21,996 ERROR [http-nio-8080-exec-10] c.n.c.c.a.ExceptionAdvice [ExceptionAdvice.java:25] org.apache.coyote.http11.Http11Processor.service(Http11Processor.java:408)
2020-03-26 14:56:21,996 ERROR [http-nio-8080-exec-10] c.n.c.c.a.ExceptionAdvice [ExceptionAdvice.java:25] org.apache.coyote.AbstractProcessorLight.process(AbstractProcessorLight.java:66)
2020-03-26 14:56:21,997 ERROR [http-nio-8080-exec-10] c.n.c.c.a.ExceptionAdvice [ExceptionAdvice.java:25] org.apache.coyote.AbstractProtocol$ConnectionHandler.process(AbstractProtocol.java:853)
2020-03-26 14:56:21,997 ERROR [http-nio-8080-exec-10] c.n.c.c.a.ExceptionAdvice [ExceptionAdvice.java:25] org.apache.tomcat.util.net.NioEndpoint$SocketProcessor.doRun(NioEndpoint.java:1587)
2020-03-26 14:56:21,997 ERROR [http-nio-8080-exec-10] c.n.c.c.a.ExceptionAdvice [ExceptionAdvice.java:25] org.apache.tomcat.util.net.SocketProcessorBase.run(SocketProcessorBase.java:49)
2020-03-26 14:56:21,997 ERROR [http-nio-8080-exec-10] c.n.c.c.a.ExceptionAdvice [ExceptionAdvice.java:25] java.base/java.util.concurrent.ThreadPoolExecutor.runWorker(ThreadPoolExecutor.java:1128)
2020-03-26 14:56:21,997 ERROR [http-nio-8080-exec-10] c.n.c.c.a.ExceptionAdvice [ExceptionAdvice.java:25] java.base/java.util.concurrent.ThreadPoolExecutor$Worker.run(ThreadPoolExecutor.java:628)
2020-03-26 14:56:21,997 ERROR [http-nio-8080-exec-10] c.n.c.c.a.ExceptionAdvice [ExceptionAdvice.java:25] org.apache.tomcat.util.threads.TaskThread$WrappingRunnable.run(TaskThread.java:61)
2020-03-26 14:56:21,997 ERROR [http-nio-8080-exec-10] c.n.c.c.a.ExceptionAdvice [ExceptionAdvice.java:25] java.base/java.lang.Thread.run(Thread.java:834)
2020-03-26 15:30:39,678 ERROR [main] o.s.t.c.TestContextManager [TestContextManager.java:250] Caught exception while allowing TestExecutionListener [org.springframework.boot.test.autoconfigure.SpringBootDependencyInjectionTestExecutionListener@2205a05d] to prepare test instance [com.nowcoder.community.ThreadPoolTest@4c131823]
org.springframework.beans.factory.UnsatisfiedDependencyException: Error creating bean with name 'com.nowcoder.community.ThreadPoolTest': Unsatisfied dependency expressed through field 'taskScheduler'; nested exception is org.springframework.beans.factory.NoSuchBeanDefinitionException: No qualifying bean of type 'org.springframework.scheduling.concurrent.ThreadPoolTaskScheduler' available: expected at least 1 bean which qualifies as autowire candidate. Dependency annotations: {@org.springframework.beans.factory.annotation.Autowired(required=true)}
	at org.springframework.beans.factory.annotation.AutowiredAnnotationBeanPostProcessor$AutowiredFieldElement.inject(AutowiredAnnotationBeanPostProcessor.java:596)
	at org.springframework.beans.factory.annotation.InjectionMetadata.inject(InjectionMetadata.java:90)
	at org.springframework.beans.factory.annotation.AutowiredAnnotationBeanPostProcessor.postProcessProperties(AutowiredAnnotationBeanPostProcessor.java:374)
	at org.springframework.beans.factory.support.AbstractAutowireCapableBeanFactory.populateBean(AbstractAutowireCapableBeanFactory.java:1411)
	at org.springframework.beans.factory.support.AbstractAutowireCapableBeanFactory.autowireBeanProperties(AbstractAutowireCapableBeanFactory.java:391)
	at org.springframework.test.context.support.DependencyInjectionTestExecutionListener.injectDependencies(DependencyInjectionTestExecutionListener.java:119)
	at org.springframework.test.context.support.DependencyInjectionTestExecutionListener.prepareTestInstance(DependencyInjectionTestExecutionListener.java:83)
	at org.springframework.boot.test.autoconfigure.SpringBootDependencyInjectionTestExecutionListener.prepareTestInstance(SpringBootDependencyInjectionTestExecutionListener.java:43)
	at org.springframework.test.context.TestContextManager.prepareTestInstance(TestContextManager.java:246)
	at org.springframework.test.context.junit4.SpringJUnit4ClassRunner.createTest(SpringJUnit4ClassRunner.java:227)
	at org.springframework.test.context.junit4.SpringJUnit4ClassRunner$1.runReflectiveCall(SpringJUnit4ClassRunner.java:289)
	at org.junit.internal.runners.model.ReflectiveCallable.run(ReflectiveCallable.java:12)
	at org.springframework.test.context.junit4.SpringJUnit4ClassRunner.methodBlock(SpringJUnit4ClassRunner.java:291)
	at org.springframework.test.context.junit4.SpringJUnit4ClassRunner.runChild(SpringJUnit4ClassRunner.java:246)
	at org.springframework.test.context.junit4.SpringJUnit4ClassRunner.runChild(SpringJUnit4ClassRunner.java:97)
	at org.junit.runners.ParentRunner$3.run(ParentRunner.java:290)
	at org.junit.runners.ParentRunner$1.schedule(ParentRunner.java:71)
	at org.junit.runners.ParentRunner.runChildren(ParentRunner.java:288)
	at org.junit.runners.ParentRunner.access$000(ParentRunner.java:58)
	at org.junit.runners.ParentRunner$2.evaluate(ParentRunner.java:268)
	at org.springframework.test.context.junit4.statements.RunBeforeTestClassCallbacks.evaluate(RunBeforeTestClassCallbacks.java:61)
	at org.springframework.test.context.junit4.statements.RunAfterTestClassCallbacks.evaluate(RunAfterTestClassCallbacks.java:70)
	at org.junit.runners.ParentRunner.run(ParentRunner.java:363)
	at org.springframework.test.context.junit4.SpringJUnit4ClassRunner.run(SpringJUnit4ClassRunner.java:190)
	at org.junit.runner.JUnitCore.run(JUnitCore.java:137)
	at com.intellij.junit4.JUnit4IdeaTestRunner.startRunnerWithArgs(JUnit4IdeaTestRunner.java:68)
	at com.intellij.rt.junit.IdeaTestRunner$Repeater.startRunnerWithArgs(IdeaTestRunner.java:33)
	at com.intellij.rt.junit.JUnitStarter.prepareStreamsAndStart(JUnitStarter.java:230)
	at com.intellij.rt.junit.JUnitStarter.main(JUnitStarter.java:58)
Caused by: org.springframework.beans.factory.NoSuchBeanDefinitionException: No qualifying bean of type 'org.springframework.scheduling.concurrent.ThreadPoolTaskScheduler' available: expected at least 1 bean which qualifies as autowire candidate. Dependency annotations: {@org.springframework.beans.factory.annotation.Autowired(required=true)}
	at org.springframework.beans.factory.support.DefaultListableBeanFactory.raiseNoMatchingBeanFound(DefaultListableBeanFactory.java:1658)
	at org.springframework.beans.factory.support.DefaultListableBeanFactory.doResolveDependency(DefaultListableBeanFactory.java:1217)
	at org.springframework.beans.factory.support.DefaultListableBeanFactory.resolveDependency(DefaultListableBeanFactory.java:1171)
	at org.springframework.beans.factory.annotation.AutowiredAnnotationBeanPostProcessor$AutowiredFieldElement.inject(AutowiredAnnotationBeanPostProcessor.java:593)
	... 28 common frames omitted
