2020-02-17 14:59:51,705 INFO [main] c.n.c.MailTests [StartupInfoLogger.java:50] Starting MailTests on DESKTOP-QISM9DG with PID 9112 (started by mingw in E:\javawork\community)
2020-02-17 14:59:51,707 INFO [main] c.n.c.MailTests [SpringApplication.java:646] No active profile set, falling back to default profiles: default
2020-02-17 14:59:57,836 INFO [main] o.s.s.c.ThreadPoolTaskExecutor [ExecutorConfigurationSupport.java:171] Initializing ExecutorService 'applicationTaskExecutor'
2020-02-17 14:59:58,311 INFO [main] o.s.b.a.w.s.WelcomePageHandlerMapping [WelcomePageHandlerMapping.java:58] Adding welcome page template: index
2020-02-17 14:59:58,891 INFO [main] c.n.c.MailTests [StartupInfoLogger.java:59] Started MailTests in 9.35 seconds (JVM running for 12.191)
2020-02-17 15:00:02,200 INFO [Thread-2] o.s.s.c.ThreadPoolTaskExecutor [ExecutorConfigurationSupport.java:208] Shutting down ExecutorService 'applicationTaskExecutor'
2020-02-17 15:02:13,318 INFO [main] c.n.c.MailTests [StartupInfoLogger.java:50] Starting MailTests on DESKTOP-QISM9DG with PID 1612 (started by mingw in E:\javawork\community)
2020-02-17 15:02:13,321 INFO [main] c.n.c.MailTests [SpringApplication.java:646] No active profile set, falling back to default profiles: default
2020-02-17 15:02:19,198 INFO [main] o.s.s.c.ThreadPoolTaskExecutor [ExecutorConfigurationSupport.java:171] Initializing ExecutorService 'applicationTaskExecutor'
2020-02-17 15:02:19,822 INFO [main] o.s.b.a.w.s.WelcomePageHandlerMapping [WelcomePageHandlerMapping.java:58] Adding welcome page template: index
2020-02-17 15:02:20,386 INFO [main] c.n.c.MailTests [StartupInfoLogger.java:59] Started MailTests in 8.485 seconds (JVM running for 10.357)
2020-02-17 15:02:51,129 INFO [Thread-2] o.s.s.c.ThreadPoolTaskExecutor [ExecutorConfigurationSupport.java:208] Shutting down ExecutorService 'applicationTaskExecutor'
2020-02-17 15:04:16,672 INFO [main] c.n.c.MailTests [StartupInfoLogger.java:50] Starting MailTests on DESKTOP-QISM9DG with PID 11052 (started by mingw in E:\javawork\community)
2020-02-17 15:04:16,679 INFO [main] c.n.c.MailTests [SpringApplication.java:646] No active profile set, falling back to default profiles: default
2020-02-17 15:04:21,628 INFO [main] o.s.s.c.ThreadPoolTaskExecutor [ExecutorConfigurationSupport.java:171] Initializing ExecutorService 'applicationTaskExecutor'
2020-02-17 15:04:22,116 INFO [main] o.s.b.a.w.s.WelcomePageHandlerMapping [WelcomePageHandlerMapping.java:58] Adding welcome page template: index
2020-02-17 15:04:22,540 INFO [main] c.n.c.MailTests [StartupInfoLogger.java:59] Started MailTests in 7.295 seconds (JVM running for 9.111)
2020-02-17 15:04:53,265 INFO [Thread-2] o.s.s.c.ThreadPoolTaskExecutor [ExecutorConfigurationSupport.java:208] Shutting down ExecutorService 'applicationTaskExecutor'
2020-02-17 15:07:34,917 INFO [main] c.n.c.MailTests [StartupInfoLogger.java:50] Starting MailTests on DESKTOP-QISM9DG with PID 13524 (started by mingw in E:\javawork\community)
2020-02-17 15:07:34,920 INFO [main] c.n.c.MailTests [SpringApplication.java:646] No active profile set, falling back to default profiles: default
2020-02-17 15:07:40,018 INFO [main] o.s.s.c.ThreadPoolTaskExecutor [ExecutorConfigurationSupport.java:171] Initializing ExecutorService 'applicationTaskExecutor'
2020-02-17 15:07:40,413 INFO [main] o.s.b.a.w.s.WelcomePageHandlerMapping [WelcomePageHandlerMapping.java:58] Adding welcome page template: index
2020-02-17 15:07:40,837 INFO [main] c.n.c.MailTests [StartupInfoLogger.java:59] Started MailTests in 7.153 seconds (JVM running for 9.279)
2020-02-17 15:07:42,645 INFO [Thread-2] o.s.s.c.ThreadPoolTaskExecutor [ExecutorConfigurationSupport.java:208] Shutting down ExecutorService 'applicationTaskExecutor'
2020-02-17 15:09:06,206 INFO [main] c.n.c.MailTests [StartupInfoLogger.java:50] Starting MailTests on DESKTOP-QISM9DG with PID 7004 (started by mingw in E:\javawork\community)
2020-02-17 15:09:06,209 INFO [main] c.n.c.MailTests [SpringApplication.java:646] No active profile set, falling back to default profiles: default
2020-02-17 15:09:11,908 INFO [main] o.s.s.c.ThreadPoolTaskExecutor [ExecutorConfigurationSupport.java:171] Initializing ExecutorService 'applicationTaskExecutor'
2020-02-17 15:09:12,342 INFO [main] o.s.b.a.w.s.WelcomePageHandlerMapping [WelcomePageHandlerMapping.java:58] Adding welcome page template: index
2020-02-17 15:09:12,792 INFO [main] c.n.c.MailTests [StartupInfoLogger.java:59] Started MailTests in 8.335 seconds (JVM running for 10.4)
2020-02-17 15:09:14,819 INFO [Thread-2] o.s.s.c.ThreadPoolTaskExecutor [ExecutorConfigurationSupport.java:208] Shutting down ExecutorService 'applicationTaskExecutor'
2020-02-17 15:13:04,293 INFO [main] c.n.c.MailTests [StartupInfoLogger.java:50] Starting MailTests on DESKTOP-QISM9DG with PID 6284 (started by mingw in E:\javawork\community)
2020-02-17 15:13:04,300 INFO [main] c.n.c.MailTests [SpringApplication.java:646] No active profile set, falling back to default profiles: default
2020-02-17 15:13:09,608 INFO [main] o.s.s.c.ThreadPoolTaskExecutor [ExecutorConfigurationSupport.java:171] Initializing ExecutorService 'applicationTaskExecutor'
2020-02-17 15:13:10,035 INFO [main] o.s.b.a.w.s.WelcomePageHandlerMapping [WelcomePageHandlerMapping.java:58] Adding welcome page template: index
2020-02-17 15:13:10,455 INFO [main] c.n.c.MailTests [StartupInfoLogger.java:59] Started MailTests in 7.543 seconds (JVM running for 9.343)
2020-02-17 15:13:41,263 INFO [Thread-2] o.s.s.c.ThreadPoolTaskExecutor [ExecutorConfigurationSupport.java:208] Shutting down ExecutorService 'applicationTaskExecutor'
2020-02-17 15:23:17,693 INFO [main] c.n.c.MailTests [StartupInfoLogger.java:50] Starting MailTests on DESKTOP-QISM9DG with PID 10768 (started by mingw in E:\javawork\community)
2020-02-17 15:23:17,704 INFO [main] c.n.c.MailTests [SpringApplication.java:646] No active profile set, falling back to default profiles: default
2020-02-17 15:23:22,985 INFO [main] o.s.s.c.ThreadPoolTaskExecutor [ExecutorConfigurationSupport.java:171] Initializing ExecutorService 'applicationTaskExecutor'
2020-02-17 15:23:23,393 INFO [main] o.s.b.a.w.s.WelcomePageHandlerMapping [WelcomePageHandlerMapping.java:58] Adding welcome page template: index
2020-02-17 15:23:23,860 INFO [main] c.n.c.MailTests [StartupInfoLogger.java:59] Started MailTests in 7.571 seconds (JVM running for 9.35)
2020-02-17 15:23:44,690 INFO [Thread-2] o.s.s.c.ThreadPoolTaskExecutor [ExecutorConfigurationSupport.java:208] Shutting down ExecutorService 'applicationTaskExecutor'
2020-02-17 15:24:11,581 INFO [main] c.n.c.MailTests [StartupInfoLogger.java:50] Starting MailTests on DESKTOP-QISM9DG with PID 10092 (started by mingw in E:\javawork\community)
2020-02-17 15:24:11,584 INFO [main] c.n.c.MailTests [SpringApplication.java:646] No active profile set, falling back to default profiles: default
2020-02-17 15:24:16,461 INFO [main] o.s.s.c.ThreadPoolTaskExecutor [ExecutorConfigurationSupport.java:171] Initializing ExecutorService 'applicationTaskExecutor'
2020-02-17 15:24:16,843 INFO [main] o.s.b.a.w.s.WelcomePageHandlerMapping [WelcomePageHandlerMapping.java:58] Adding welcome page template: index
2020-02-17 15:24:17,340 INFO [main] c.n.c.MailTests [StartupInfoLogger.java:59] Started MailTests in 7.004 seconds (JVM running for 8.962)
2020-02-17 15:24:38,084 INFO [Thread-2] o.s.s.c.ThreadPoolTaskExecutor [ExecutorConfigurationSupport.java:208] Shutting down ExecutorService 'applicationTaskExecutor'
2020-02-17 15:26:40,601 INFO [main] c.n.c.MailTests [StartupInfoLogger.java:50] Starting MailTests on DESKTOP-QISM9DG with PID 5612 (started by mingw in E:\javawork\community)
2020-02-17 15:26:40,607 INFO [main] c.n.c.MailTests [SpringApplication.java:646] No active profile set, falling back to default profiles: default
2020-02-17 15:26:45,796 INFO [main] o.s.s.c.ThreadPoolTaskExecutor [ExecutorConfigurationSupport.java:171] Initializing ExecutorService 'applicationTaskExecutor'
2020-02-17 15:26:46,191 INFO [main] o.s.b.a.w.s.WelcomePageHandlerMapping [WelcomePageHandlerMapping.java:58] Adding welcome page template: index
2020-02-17 15:26:46,625 INFO [main] c.n.c.MailTests [StartupInfoLogger.java:59] Started MailTests in 7.338 seconds (JVM running for 9.168)
2020-02-17 15:27:07,398 INFO [Thread-2] o.s.s.c.ThreadPoolTaskExecutor [ExecutorConfigurationSupport.java:208] Shutting down ExecutorService 'applicationTaskExecutor'
2020-02-17 15:27:41,571 INFO [main] c.n.c.MailTests [StartupInfoLogger.java:50] Starting MailTests on DESKTOP-QISM9DG with PID 8232 (started by mingw in E:\javawork\community)
2020-02-17 15:27:41,577 INFO [main] c.n.c.MailTests [SpringApplication.java:646] No active profile set, falling back to default profiles: default
2020-02-17 15:27:46,381 INFO [main] o.s.s.c.ThreadPoolTaskExecutor [ExecutorConfigurationSupport.java:171] Initializing ExecutorService 'applicationTaskExecutor'
2020-02-17 15:27:46,779 INFO [main] o.s.b.a.w.s.WelcomePageHandlerMapping [WelcomePageHandlerMapping.java:58] Adding welcome page template: index
2020-02-17 15:27:47,189 INFO [main] c.n.c.MailTests [StartupInfoLogger.java:59] Started MailTests in 6.925 seconds (JVM running for 8.913)
2020-02-17 15:28:07,999 INFO [Thread-2] o.s.s.c.ThreadPoolTaskExecutor [ExecutorConfigurationSupport.java:208] Shutting down ExecutorService 'applicationTaskExecutor'
2020-02-17 15:32:53,417 INFO [main] c.n.c.MailTests [StartupInfoLogger.java:50] Starting MailTests on DESKTOP-QISM9DG with PID 8688 (started by mingw in E:\javawork\community)
2020-02-17 15:32:53,420 INFO [main] c.n.c.MailTests [SpringApplication.java:646] No active profile set, falling back to default profiles: default
2020-02-17 15:32:58,734 INFO [main] o.s.s.c.ThreadPoolTaskExecutor [ExecutorConfigurationSupport.java:171] Initializing ExecutorService 'applicationTaskExecutor'
2020-02-17 15:32:59,158 INFO [main] o.s.b.a.w.s.WelcomePageHandlerMapping [WelcomePageHandlerMapping.java:58] Adding welcome page template: index
2020-02-17 15:32:59,619 INFO [main] c.n.c.MailTests [StartupInfoLogger.java:59] Started MailTests in 7.846 seconds (JVM running for 9.919)
2020-02-17 15:33:03,211 INFO [Thread-2] o.s.s.c.ThreadPoolTaskExecutor [ExecutorConfigurationSupport.java:208] Shutting down ExecutorService 'applicationTaskExecutor'
2020-02-17 15:34:56,801 INFO [main] c.n.c.MailTests [StartupInfoLogger.java:50] Starting MailTests on DESKTOP-QISM9DG with PID 6392 (started by mingw in E:\javawork\community)
2020-02-17 15:34:56,812 INFO [main] c.n.c.MailTests [SpringApplication.java:646] No active profile set, falling back to default profiles: default
2020-02-17 15:35:01,994 INFO [main] o.s.s.c.ThreadPoolTaskExecutor [ExecutorConfigurationSupport.java:171] Initializing ExecutorService 'applicationTaskExecutor'
2020-02-17 15:35:02,769 INFO [main] o.s.b.a.w.s.WelcomePageHandlerMapping [WelcomePageHandlerMapping.java:58] Adding welcome page template: index
2020-02-17 15:35:03,620 INFO [main] c.n.c.MailTests [StartupInfoLogger.java:59] Started MailTests in 8.525 seconds (JVM running for 10.561)
2020-02-17 15:35:07,321 INFO [Thread-2] o.s.s.c.ThreadPoolTaskExecutor [ExecutorConfigurationSupport.java:208] Shutting down ExecutorService 'applicationTaskExecutor'
2020-02-17 15:36:16,315 INFO [main] c.n.c.MailTests [StartupInfoLogger.java:50] Starting MailTests on DESKTOP-QISM9DG with PID 7596 (started by mingw in E:\javawork\community)
2020-02-17 15:36:16,318 INFO [main] c.n.c.MailTests [SpringApplication.java:646] No active profile set, falling back to default profiles: default
2020-02-17 15:36:21,264 INFO [main] o.s.s.c.ThreadPoolTaskExecutor [ExecutorConfigurationSupport.java:171] Initializing ExecutorService 'applicationTaskExecutor'
2020-02-17 15:36:21,651 INFO [main] o.s.b.a.w.s.WelcomePageHandlerMapping [WelcomePageHandlerMapping.java:58] Adding welcome page template: index
2020-02-17 15:36:22,080 INFO [main] c.n.c.MailTests [StartupInfoLogger.java:59] Started MailTests in 7.002 seconds (JVM running for 8.729)
2020-02-17 15:36:25,345 INFO [Thread-2] o.s.s.c.ThreadPoolTaskExecutor [ExecutorConfigurationSupport.java:208] Shutting down ExecutorService 'applicationTaskExecutor'
2020-02-17 15:52:29,186 INFO [main] c.n.c.MailTests [StartupInfoLogger.java:50] Starting MailTests on DESKTOP-QISM9DG with PID 816 (started by mingw in E:\javawork\community)
2020-02-17 15:52:29,194 INFO [main] c.n.c.MailTests [SpringApplication.java:646] No active profile set, falling back to default profiles: default
2020-02-17 15:52:38,461 INFO [main] o.s.s.c.ThreadPoolTaskExecutor [ExecutorConfigurationSupport.java:171] Initializing ExecutorService 'applicationTaskExecutor'
2020-02-17 15:52:40,033 INFO [main] o.s.b.a.w.s.WelcomePageHandlerMapping [WelcomePageHandlerMapping.java:58] Adding welcome page template: index
2020-02-17 15:52:41,199 INFO [main] c.n.c.MailTests [StartupInfoLogger.java:59] Started MailTests in 13.848 seconds (JVM running for 16.796)
2020-02-17 15:52:44,889 INFO [Thread-2] o.s.s.c.ThreadPoolTaskExecutor [ExecutorConfigurationSupport.java:208] Shutting down ExecutorService 'applicationTaskExecutor'
2020-02-17 15:54:05,694 INFO [main] c.n.c.MailTests [StartupInfoLogger.java:50] Starting MailTests on DESKTOP-QISM9DG with PID 10620 (started by mingw in E:\javawork\community)
2020-02-17 15:54:05,699 INFO [main] c.n.c.MailTests [SpringApplication.java:646] No active profile set, falling back to default profiles: default
2020-02-17 15:54:10,732 INFO [main] o.s.s.c.ThreadPoolTaskExecutor [ExecutorConfigurationSupport.java:171] Initializing ExecutorService 'applicationTaskExecutor'
2020-02-17 15:54:11,096 INFO [main] o.s.b.a.w.s.WelcomePageHandlerMapping [WelcomePageHandlerMapping.java:58] Adding welcome page template: index
2020-02-17 15:54:11,530 INFO [main] c.n.c.MailTests [StartupInfoLogger.java:59] Started MailTests in 7.133 seconds (JVM running for 8.971)
2020-02-17 15:54:16,867 INFO [Thread-2] o.s.s.c.ThreadPoolTaskExecutor [ExecutorConfigurationSupport.java:208] Shutting down ExecutorService 'applicationTaskExecutor'
2020-02-17 17:14:54,404 INFO [restartedMain] c.n.c.CommunityApplication [StartupInfoLogger.java:50] Starting CommunityApplication on DESKTOP-QISM9DG with PID 7772 (E:\javawork\community\target\classes started by mingw in E:\javawork\community)
2020-02-17 17:14:54,410 INFO [restartedMain] c.n.c.CommunityApplication [SpringApplication.java:646] No active profile set, falling back to default profiles: default
2020-02-17 17:14:54,484 INFO [restartedMain] o.s.b.d.e.DevToolsPropertyDefaultsPostProcessor [DeferredLog.java:225] Devtools property defaults active! Set 'spring.devtools.add-properties' to 'false' to disable
2020-02-17 17:14:54,484 INFO [restartedMain] o.s.b.d.e.DevToolsPropertyDefaultsPostProcessor [DeferredLog.java:225] For additional web related logging consider setting the 'logging.level.web' property to 'DEBUG'
2020-02-17 17:14:57,141 INFO [restartedMain] o.s.b.w.e.t.TomcatWebServer [TomcatWebServer.java:90] Tomcat initialized with port(s): 8080 (http)
2020-02-17 17:14:57,165 INFO [restartedMain] o.a.c.h.Http11NioProtocol [DirectJDKLog.java:173] Initializing ProtocolHandler ["http-nio-8080"]
2020-02-17 17:14:57,194 INFO [restartedMain] o.a.c.c.StandardService [DirectJDKLog.java:173] Starting service [Tomcat]
2020-02-17 17:14:57,195 INFO [restartedMain] o.a.c.c.StandardEngine [DirectJDKLog.java:173] Starting Servlet engine: [Apache Tomcat/9.0.21]
2020-02-17 17:14:57,397 INFO [restartedMain] o.a.c.c.C.[.[.[/community] [DirectJDKLog.java:173] Initializing Spring embedded WebApplicationContext
2020-02-17 17:14:57,398 INFO [restartedMain] o.s.w.c.ContextLoader [ServletWebServerApplicationContext.java:283] Root WebApplicationContext: initialization completed in 2914 ms
2020-02-17 17:14:58,139 INFO [restartedMain] o.s.s.c.ThreadPoolTaskExecutor [ExecutorConfigurationSupport.java:171] Initializing ExecutorService 'applicationTaskExecutor'
2020-02-17 17:14:58,315 INFO [restartedMain] o.s.b.a.w.s.WelcomePageHandlerMapping [WelcomePageHandlerMapping.java:58] Adding welcome page template: index
2020-02-17 17:14:58,548 INFO [restartedMain] o.s.b.d.a.OptionalLiveReloadServer [OptionalLiveReloadServer.java:57] LiveReload server is running on port 35729
2020-02-17 17:14:58,594 INFO [restartedMain] o.a.c.h.Http11NioProtocol [DirectJDKLog.java:173] Starting ProtocolHandler ["http-nio-8080"]
2020-02-17 17:14:58,629 INFO [restartedMain] o.s.b.w.e.t.TomcatWebServer [TomcatWebServer.java:202] Tomcat started on port(s): 8080 (http) with context path '/community'
2020-02-17 17:14:58,635 INFO [restartedMain] c.n.c.CommunityApplication [StartupInfoLogger.java:59] Started CommunityApplication in 5.123 seconds (JVM running for 8.98)
2020-02-17 17:15:24,019 INFO [http-nio-8080-exec-1] o.a.c.c.C.[.[.[/community] [DirectJDKLog.java:173] Initializing Spring DispatcherServlet 'dispatcherServlet'
2020-02-17 17:15:24,020 INFO [http-nio-8080-exec-1] o.s.w.s.DispatcherServlet [FrameworkServlet.java:524] Initializing Servlet 'dispatcherServlet'
2020-02-17 17:15:24,039 INFO [http-nio-8080-exec-1] o.s.w.s.DispatcherServlet [FrameworkServlet.java:546] Completed initialization in 19 ms
2020-02-17 17:15:24,179 INFO [http-nio-8080-exec-1] c.z.h.HikariDataSource [HikariDataSource.java:110] HikariPool-1 - Starting...
2020-02-17 17:15:57,160 INFO [Thread-8] o.s.s.c.ThreadPoolTaskExecutor [ExecutorConfigurationSupport.java:208] Shutting down ExecutorService 'applicationTaskExecutor'
2020-02-17 17:17:20,117 INFO [restartedMain] c.n.c.CommunityApplication [StartupInfoLogger.java:50] Starting CommunityApplication on DESKTOP-QISM9DG with PID 10292 (E:\javawork\community\target\classes started by mingw in E:\javawork\community)
2020-02-17 17:17:20,124 INFO [restartedMain] c.n.c.CommunityApplication [SpringApplication.java:646] No active profile set, falling back to default profiles: default
2020-02-17 17:17:20,215 INFO [restartedMain] o.s.b.d.e.DevToolsPropertyDefaultsPostProcessor [DeferredLog.java:225] Devtools property defaults active! Set 'spring.devtools.add-properties' to 'false' to disable
2020-02-17 17:17:20,215 INFO [restartedMain] o.s.b.d.e.DevToolsPropertyDefaultsPostProcessor [DeferredLog.java:225] For additional web related logging consider setting the 'logging.level.web' property to 'DEBUG'
2020-02-17 17:17:22,036 INFO [restartedMain] o.s.b.w.e.t.TomcatWebServer [TomcatWebServer.java:90] Tomcat initialized with port(s): 8080 (http)
2020-02-17 17:17:22,073 INFO [restartedMain] o.a.c.h.Http11NioProtocol [DirectJDKLog.java:173] Initializing ProtocolHandler ["http-nio-8080"]
2020-02-17 17:17:22,094 INFO [restartedMain] o.a.c.c.StandardService [DirectJDKLog.java:173] Starting service [Tomcat]
2020-02-17 17:17:22,095 INFO [restartedMain] o.a.c.c.StandardEngine [DirectJDKLog.java:173] Starting Servlet engine: [Apache Tomcat/9.0.21]
2020-02-17 17:17:22,201 INFO [restartedMain] o.a.c.c.C.[.[.[/community] [DirectJDKLog.java:173] Initializing Spring embedded WebApplicationContext
2020-02-17 17:17:22,201 INFO [restartedMain] o.s.w.c.ContextLoader [ServletWebServerApplicationContext.java:283] Root WebApplicationContext: initialization completed in 1985 ms
2020-02-17 17:17:22,828 INFO [restartedMain] o.s.s.c.ThreadPoolTaskExecutor [ExecutorConfigurationSupport.java:171] Initializing ExecutorService 'applicationTaskExecutor'
2020-02-17 17:17:22,989 INFO [restartedMain] o.s.b.a.w.s.WelcomePageHandlerMapping [WelcomePageHandlerMapping.java:58] Adding welcome page template: index
2020-02-17 17:17:23,186 INFO [restartedMain] o.s.b.d.a.OptionalLiveReloadServer [OptionalLiveReloadServer.java:57] LiveReload server is running on port 35729
2020-02-17 17:17:23,236 INFO [restartedMain] o.a.c.h.Http11NioProtocol [DirectJDKLog.java:173] Starting ProtocolHandler ["http-nio-8080"]
2020-02-17 17:17:23,273 INFO [restartedMain] o.s.b.w.e.t.TomcatWebServer [TomcatWebServer.java:202] Tomcat started on port(s): 8080 (http) with context path '/community'
2020-02-17 17:17:23,282 INFO [restartedMain] c.n.c.CommunityApplication [StartupInfoLogger.java:59] Started CommunityApplication in 3.798 seconds (JVM running for 5.367)
2020-02-17 17:17:32,534 INFO [http-nio-8080-exec-1] o.a.c.c.C.[.[.[/community] [DirectJDKLog.java:173] Initializing Spring DispatcherServlet 'dispatcherServlet'
2020-02-17 17:17:32,535 INFO [http-nio-8080-exec-1] o.s.w.s.DispatcherServlet [FrameworkServlet.java:524] Initializing Servlet 'dispatcherServlet'
2020-02-17 17:17:32,544 INFO [http-nio-8080-exec-1] o.s.w.s.DispatcherServlet [FrameworkServlet.java:546] Completed initialization in 8 ms
2020-02-17 17:17:32,608 INFO [http-nio-8080-exec-1] c.z.h.HikariDataSource [HikariDataSource.java:110] HikariPool-1 - Starting...
2020-02-17 17:18:53,644 INFO [restartedMain] c.n.c.CommunityApplication [StartupInfoLogger.java:50] Starting CommunityApplication on DESKTOP-QISM9DG with PID 6384 (E:\javawork\community\target\classes started by mingw in E:\javawork\community)
2020-02-17 17:18:53,649 INFO [restartedMain] c.n.c.CommunityApplication [SpringApplication.java:646] No active profile set, falling back to default profiles: default
2020-02-17 17:18:53,725 INFO [restartedMain] o.s.b.d.e.DevToolsPropertyDefaultsPostProcessor [DeferredLog.java:225] Devtools property defaults active! Set 'spring.devtools.add-properties' to 'false' to disable
2020-02-17 17:18:53,725 INFO [restartedMain] o.s.b.d.e.DevToolsPropertyDefaultsPostProcessor [DeferredLog.java:225] For additional web related logging consider setting the 'logging.level.web' property to 'DEBUG'
2020-02-17 17:18:55,568 INFO [restartedMain] o.s.b.w.e.t.TomcatWebServer [TomcatWebServer.java:90] Tomcat initialized with port(s): 8080 (http)
2020-02-17 17:18:55,584 INFO [restartedMain] o.a.c.h.Http11NioProtocol [DirectJDKLog.java:173] Initializing ProtocolHandler ["http-nio-8080"]
2020-02-17 17:18:55,596 INFO [restartedMain] o.a.c.c.StandardService [DirectJDKLog.java:173] Starting service [Tomcat]
2020-02-17 17:18:55,596 INFO [restartedMain] o.a.c.c.StandardEngine [DirectJDKLog.java:173] Starting Servlet engine: [Apache Tomcat/9.0.21]
2020-02-17 17:18:55,689 INFO [restartedMain] o.a.c.c.C.[.[.[/community] [DirectJDKLog.java:173] Initializing Spring embedded WebApplicationContext
2020-02-17 17:18:55,690 INFO [restartedMain] o.s.w.c.ContextLoader [ServletWebServerApplicationContext.java:283] Root WebApplicationContext: initialization completed in 1964 ms
2020-02-17 17:18:56,264 INFO [restartedMain] o.s.s.c.ThreadPoolTaskExecutor [ExecutorConfigurationSupport.java:171] Initializing ExecutorService 'applicationTaskExecutor'
2020-02-17 17:18:56,432 INFO [restartedMain] o.s.b.a.w.s.WelcomePageHandlerMapping [WelcomePageHandlerMapping.java:58] Adding welcome page template: index
2020-02-17 17:18:56,554 INFO [restartedMain] o.s.b.d.a.OptionalLiveReloadServer [OptionalLiveReloadServer.java:57] LiveReload server is running on port 35729
2020-02-17 17:18:56,589 INFO [restartedMain] o.a.c.h.Http11NioProtocol [DirectJDKLog.java:173] Starting ProtocolHandler ["http-nio-8080"]
2020-02-17 17:18:56,616 INFO [restartedMain] o.s.b.w.e.t.TomcatWebServer [TomcatWebServer.java:202] Tomcat started on port(s): 8080 (http) with context path '/community'
2020-02-17 17:18:56,621 INFO [restartedMain] c.n.c.CommunityApplication [StartupInfoLogger.java:59] Started CommunityApplication in 3.668 seconds (JVM running for 6.519)
2020-02-17 17:18:59,755 INFO [http-nio-8080-exec-2] o.a.c.c.C.[.[.[/community] [DirectJDKLog.java:173] Initializing Spring DispatcherServlet 'dispatcherServlet'
2020-02-17 17:18:59,757 INFO [http-nio-8080-exec-2] o.s.w.s.DispatcherServlet [FrameworkServlet.java:524] Initializing Servlet 'dispatcherServlet'
2020-02-17 17:18:59,797 INFO [http-nio-8080-exec-2] o.s.w.s.DispatcherServlet [FrameworkServlet.java:546] Completed initialization in 39 ms
2020-02-17 17:18:59,953 INFO [http-nio-8080-exec-2] c.z.h.HikariDataSource [HikariDataSource.java:110] HikariPool-1 - Starting...
2020-02-17 17:19:00,334 INFO [http-nio-8080-exec-2] c.z.h.HikariDataSource [HikariDataSource.java:123] HikariPool-1 - Start completed.
2020-02-17 22:40:38,149 INFO [restartedMain] c.n.c.CommunityApplication [StartupInfoLogger.java:50] Starting CommunityApplication on DESKTOP-QISM9DG with PID 1708 (E:\javawork\community\target\classes started by mingw in E:\javawork\community)
2020-02-17 22:40:38,155 INFO [restartedMain] c.n.c.CommunityApplication [SpringApplication.java:646] No active profile set, falling back to default profiles: default
2020-02-17 22:40:38,297 INFO [restartedMain] o.s.b.d.e.DevToolsPropertyDefaultsPostProcessor [DeferredLog.java:225] Devtools property defaults active! Set 'spring.devtools.add-properties' to 'false' to disable
2020-02-17 22:40:38,298 INFO [restartedMain] o.s.b.d.e.DevToolsPropertyDefaultsPostProcessor [DeferredLog.java:225] For additional web related logging consider setting the 'logging.level.web' property to 'DEBUG'
2020-02-17 22:40:41,546 INFO [restartedMain] o.s.b.w.e.t.TomcatWebServer [TomcatWebServer.java:90] Tomcat initialized with port(s): 8080 (http)
2020-02-17 22:40:41,598 INFO [restartedMain] o.a.c.h.Http11NioProtocol [DirectJDKLog.java:173] Initializing ProtocolHandler ["http-nio-8080"]
2020-02-17 22:40:41,636 INFO [restartedMain] o.a.c.c.StandardService [DirectJDKLog.java:173] Starting service [Tomcat]
2020-02-17 22:40:41,637 INFO [restartedMain] o.a.c.c.StandardEngine [DirectJDKLog.java:173] Starting Servlet engine: [Apache Tomcat/9.0.21]
2020-02-17 22:40:41,852 INFO [restartedMain] o.a.c.c.C.[.[.[/community] [DirectJDKLog.java:173] Initializing Spring embedded WebApplicationContext
2020-02-17 22:40:41,853 INFO [restartedMain] o.s.w.c.ContextLoader [ServletWebServerApplicationContext.java:283] Root WebApplicationContext: initialization completed in 3554 ms
2020-02-17 22:40:43,405 INFO [restartedMain] o.s.s.c.ThreadPoolTaskExecutor [ExecutorConfigurationSupport.java:171] Initializing ExecutorService 'applicationTaskExecutor'
2020-02-17 22:40:43,695 INFO [restartedMain] o.s.b.a.w.s.WelcomePageHandlerMapping [WelcomePageHandlerMapping.java:58] Adding welcome page template: index
2020-02-17 22:40:43,935 INFO [restartedMain] o.s.b.d.a.OptionalLiveReloadServer [OptionalLiveReloadServer.java:57] LiveReload server is running on port 35729
2020-02-17 22:40:43,997 INFO [restartedMain] o.a.c.h.Http11NioProtocol [DirectJDKLog.java:173] Starting ProtocolHandler ["http-nio-8080"]
2020-02-17 22:40:44,149 INFO [restartedMain] o.s.b.w.e.t.TomcatWebServer [TomcatWebServer.java:202] Tomcat started on port(s): 8080 (http) with context path '/community'
2020-02-17 22:40:44,166 INFO [restartedMain] c.n.c.CommunityApplication [StartupInfoLogger.java:59] Started CommunityApplication in 7.117 seconds (JVM running for 10.134)
2020-02-17 22:41:01,972 INFO [http-nio-8080-exec-1] o.a.c.c.C.[.[.[/community] [DirectJDKLog.java:173] Initializing Spring DispatcherServlet 'dispatcherServlet'
2020-02-17 22:41:01,973 INFO [http-nio-8080-exec-1] o.s.w.s.DispatcherServlet [FrameworkServlet.java:524] Initializing Servlet 'dispatcherServlet'
2020-02-17 22:41:02,002 INFO [http-nio-8080-exec-1] o.s.w.s.DispatcherServlet [FrameworkServlet.java:546] Completed initialization in 28 ms
2020-02-17 22:41:02,072 INFO [http-nio-8080-exec-1] c.z.h.HikariDataSource [HikariDataSource.java:110] HikariPool-1 - Starting...
2020-02-17 22:41:02,212 INFO [http-nio-8080-exec-1] c.z.h.HikariDataSource [HikariDataSource.java:123] HikariPool-1 - Start completed.
2020-02-17 22:43:10,672 INFO [restartedMain] c.n.c.CommunityApplication [StartupInfoLogger.java:50] Starting CommunityApplication on DESKTOP-QISM9DG with PID 8204 (E:\javawork\community\target\classes started by mingw in E:\javawork\community)
2020-02-17 22:43:10,678 INFO [restartedMain] c.n.c.CommunityApplication [SpringApplication.java:646] No active profile set, falling back to default profiles: default
2020-02-17 22:43:10,803 INFO [restartedMain] o.s.b.d.e.DevToolsPropertyDefaultsPostProcessor [DeferredLog.java:225] Devtools property defaults active! Set 'spring.devtools.add-properties' to 'false' to disable
2020-02-17 22:43:10,804 INFO [restartedMain] o.s.b.d.e.DevToolsPropertyDefaultsPostProcessor [DeferredLog.java:225] For additional web related logging consider setting the 'logging.level.web' property to 'DEBUG'
2020-02-17 22:43:12,720 INFO [restartedMain] o.s.b.w.e.t.TomcatWebServer [TomcatWebServer.java:90] Tomcat initialized with port(s): 8080 (http)
2020-02-17 22:43:12,757 INFO [restartedMain] o.a.c.h.Http11NioProtocol [DirectJDKLog.java:173] Initializing ProtocolHandler ["http-nio-8080"]
2020-02-17 22:43:12,775 INFO [restartedMain] o.a.c.c.StandardService [DirectJDKLog.java:173] Starting service [Tomcat]
2020-02-17 22:43:12,776 INFO [restartedMain] o.a.c.c.StandardEngine [DirectJDKLog.java:173] Starting Servlet engine: [Apache Tomcat/9.0.21]
2020-02-17 22:43:12,883 INFO [restartedMain] o.a.c.c.C.[.[.[/community] [DirectJDKLog.java:173] Initializing Spring embedded WebApplicationContext
2020-02-17 22:43:12,884 INFO [restartedMain] o.s.w.c.ContextLoader [ServletWebServerApplicationContext.java:283] Root WebApplicationContext: initialization completed in 2079 ms
2020-02-17 22:43:13,445 INFO [restartedMain] o.s.s.c.ThreadPoolTaskExecutor [ExecutorConfigurationSupport.java:171] Initializing ExecutorService 'applicationTaskExecutor'
2020-02-17 22:43:13,548 INFO [restartedMain] o.s.b.a.w.s.WelcomePageHandlerMapping [WelcomePageHandlerMapping.java:58] Adding welcome page template: index
2020-02-17 22:43:13,663 INFO [restartedMain] o.s.b.d.a.OptionalLiveReloadServer [OptionalLiveReloadServer.java:57] LiveReload server is running on port 35729
2020-02-17 22:43:13,697 INFO [restartedMain] o.a.c.h.Http11NioProtocol [DirectJDKLog.java:173] Starting ProtocolHandler ["http-nio-8080"]
2020-02-17 22:43:13,742 INFO [restartedMain] o.s.b.w.e.t.TomcatWebServer [TomcatWebServer.java:202] Tomcat started on port(s): 8080 (http) with context path '/community'
2020-02-17 22:43:13,747 INFO [restartedMain] c.n.c.CommunityApplication [StartupInfoLogger.java:59] Started CommunityApplication in 3.849 seconds (JVM running for 5.402)
2020-02-17 22:43:26,738 INFO [http-nio-8080-exec-1] o.a.c.c.C.[.[.[/community] [DirectJDKLog.java:173] Initializing Spring DispatcherServlet 'dispatcherServlet'
2020-02-17 22:43:26,739 INFO [http-nio-8080-exec-1] o.s.w.s.DispatcherServlet [FrameworkServlet.java:524] Initializing Servlet 'dispatcherServlet'
2020-02-17 22:43:26,749 INFO [http-nio-8080-exec-1] o.s.w.s.DispatcherServlet [FrameworkServlet.java:546] Completed initialization in 10 ms
2020-02-17 22:43:26,813 INFO [http-nio-8080-exec-1] c.z.h.HikariDataSource [HikariDataSource.java:110] HikariPool-1 - Starting...
2020-02-17 22:43:26,955 INFO [http-nio-8080-exec-1] c.z.h.HikariDataSource [HikariDataSource.java:123] HikariPool-1 - Start completed.
2020-02-17 23:01:08,057 INFO [restartedMain] c.n.c.CommunityApplication [StartupInfoLogger.java:50] Starting CommunityApplication on DESKTOP-QISM9DG with PID 13296 (E:\javawork\community\target\classes started by mingw in E:\javawork\community)
2020-02-17 23:01:08,062 INFO [restartedMain] c.n.c.CommunityApplication [SpringApplication.java:646] No active profile set, falling back to default profiles: default
2020-02-17 23:01:08,165 INFO [restartedMain] o.s.b.d.e.DevToolsPropertyDefaultsPostProcessor [DeferredLog.java:225] Devtools property defaults active! Set 'spring.devtools.add-properties' to 'false' to disable
2020-02-17 23:01:08,165 INFO [restartedMain] o.s.b.d.e.DevToolsPropertyDefaultsPostProcessor [DeferredLog.java:225] For additional web related logging consider setting the 'logging.level.web' property to 'DEBUG'
2020-02-17 23:01:10,689 INFO [restartedMain] o.s.b.w.e.t.TomcatWebServer [TomcatWebServer.java:90] Tomcat initialized with port(s): 8080 (http)
2020-02-17 23:01:10,731 INFO [restartedMain] o.a.c.h.Http11NioProtocol [DirectJDKLog.java:173] Initializing ProtocolHandler ["http-nio-8080"]
2020-02-17 23:01:10,761 INFO [restartedMain] o.a.c.c.StandardService [DirectJDKLog.java:173] Starting service [Tomcat]
2020-02-17 23:01:10,762 INFO [restartedMain] o.a.c.c.StandardEngine [DirectJDKLog.java:173] Starting Servlet engine: [Apache Tomcat/9.0.21]
2020-02-17 23:01:10,885 INFO [restartedMain] o.a.c.c.C.[.[.[/community] [DirectJDKLog.java:173] Initializing Spring embedded WebApplicationContext
2020-02-17 23:01:10,886 INFO [restartedMain] o.s.w.c.ContextLoader [ServletWebServerApplicationContext.java:283] Root WebApplicationContext: initialization completed in 2720 ms
2020-02-17 23:01:11,644 INFO [restartedMain] o.s.s.c.ThreadPoolTaskExecutor [ExecutorConfigurationSupport.java:171] Initializing ExecutorService 'applicationTaskExecutor'
2020-02-17 23:01:11,800 INFO [restartedMain] o.s.b.a.w.s.WelcomePageHandlerMapping [WelcomePageHandlerMapping.java:58] Adding welcome page template: index
2020-02-17 23:01:11,947 INFO [restartedMain] o.s.b.d.a.OptionalLiveReloadServer [OptionalLiveReloadServer.java:57] LiveReload server is running on port 35729
2020-02-17 23:01:11,988 INFO [restartedMain] o.a.c.h.Http11NioProtocol [DirectJDKLog.java:173] Starting ProtocolHandler ["http-nio-8080"]
2020-02-17 23:01:12,048 INFO [restartedMain] o.s.b.w.e.t.TomcatWebServer [TomcatWebServer.java:202] Tomcat started on port(s): 8080 (http) with context path '/community'
2020-02-17 23:01:12,055 INFO [restartedMain] c.n.c.CommunityApplication [StartupInfoLogger.java:59] Started CommunityApplication in 4.724 seconds (JVM running for 6.428)
2020-02-17 23:01:22,023 INFO [http-nio-8080-exec-1] o.a.c.c.C.[.[.[/community] [DirectJDKLog.java:173] Initializing Spring DispatcherServlet 'dispatcherServlet'
2020-02-17 23:01:22,024 INFO [http-nio-8080-exec-1] o.s.w.s.DispatcherServlet [FrameworkServlet.java:524] Initializing Servlet 'dispatcherServlet'
2020-02-17 23:01:22,034 INFO [http-nio-8080-exec-1] o.s.w.s.DispatcherServlet [FrameworkServlet.java:546] Completed initialization in 10 ms
2020-02-17 23:01:22,121 INFO [http-nio-8080-exec-1] c.z.h.HikariDataSource [HikariDataSource.java:110] HikariPool-1 - Starting...
2020-02-17 23:01:22,272 INFO [http-nio-8080-exec-1] c.z.h.HikariDataSource [HikariDataSource.java:123] HikariPool-1 - Start completed.
2020-02-17 23:13:06,881 INFO [restartedMain] c.n.c.CommunityApplication [StartupInfoLogger.java:50] Starting CommunityApplication on DESKTOP-QISM9DG with PID 15896 (E:\javawork\community\target\classes started by mingw in E:\javawork\community)
2020-02-17 23:13:06,891 INFO [restartedMain] c.n.c.CommunityApplication [SpringApplication.java:646] No active profile set, falling back to default profiles: default
2020-02-17 23:13:06,992 INFO [restartedMain] o.s.b.d.e.DevToolsPropertyDefaultsPostProcessor [DeferredLog.java:225] Devtools property defaults active! Set 'spring.devtools.add-properties' to 'false' to disable
2020-02-17 23:13:06,992 INFO [restartedMain] o.s.b.d.e.DevToolsPropertyDefaultsPostProcessor [DeferredLog.java:225] For additional web related logging consider setting the 'logging.level.web' property to 'DEBUG'
2020-02-17 23:13:08,793 INFO [restartedMain] o.s.b.w.e.t.TomcatWebServer [TomcatWebServer.java:90] Tomcat initialized with port(s): 8080 (http)
2020-02-17 23:13:08,830 INFO [restartedMain] o.a.c.h.Http11NioProtocol [DirectJDKLog.java:173] Initializing ProtocolHandler ["http-nio-8080"]
2020-02-17 23:13:08,849 INFO [restartedMain] o.a.c.c.StandardService [DirectJDKLog.java:173] Starting service [Tomcat]
2020-02-17 23:13:08,849 INFO [restartedMain] o.a.c.c.StandardEngine [DirectJDKLog.java:173] Starting Servlet engine: [Apache Tomcat/9.0.21]
2020-02-17 23:13:08,965 INFO [restartedMain] o.a.c.c.C.[.[.[/community] [DirectJDKLog.java:173] Initializing Spring embedded WebApplicationContext
2020-02-17 23:13:08,965 INFO [restartedMain] o.s.w.c.ContextLoader [ServletWebServerApplicationContext.java:283] Root WebApplicationContext: initialization completed in 1972 ms
2020-02-17 23:13:09,508 INFO [restartedMain] o.s.s.c.ThreadPoolTaskExecutor [ExecutorConfigurationSupport.java:171] Initializing ExecutorService 'applicationTaskExecutor'
2020-02-17 23:13:09,608 INFO [restartedMain] o.s.b.a.w.s.WelcomePageHandlerMapping [WelcomePageHandlerMapping.java:58] Adding welcome page template: index
2020-02-17 23:13:09,724 INFO [restartedMain] o.s.b.d.a.OptionalLiveReloadServer [OptionalLiveReloadServer.java:57] LiveReload server is running on port 35729
2020-02-17 23:13:09,758 INFO [restartedMain] o.a.c.h.Http11NioProtocol [DirectJDKLog.java:173] Starting ProtocolHandler ["http-nio-8080"]
2020-02-17 23:13:09,801 INFO [restartedMain] o.s.b.w.e.t.TomcatWebServer [TomcatWebServer.java:202] Tomcat started on port(s): 8080 (http) with context path '/community'
2020-02-17 23:13:09,806 INFO [restartedMain] c.n.c.CommunityApplication [StartupInfoLogger.java:59] Started CommunityApplication in 3.705 seconds (JVM running for 5.268)
2020-02-17 23:13:26,049 INFO [http-nio-8080-exec-1] o.a.c.c.C.[.[.[/community] [DirectJDKLog.java:173] Initializing Spring DispatcherServlet 'dispatcherServlet'
2020-02-17 23:13:26,050 INFO [http-nio-8080-exec-1] o.s.w.s.DispatcherServlet [FrameworkServlet.java:524] Initializing Servlet 'dispatcherServlet'
2020-02-17 23:13:26,062 INFO [http-nio-8080-exec-1] o.s.w.s.DispatcherServlet [FrameworkServlet.java:546] Completed initialization in 12 ms
2020-02-17 23:13:26,136 INFO [http-nio-8080-exec-1] c.z.h.HikariDataSource [HikariDataSource.java:110] HikariPool-1 - Starting...
2020-02-17 23:13:26,262 INFO [http-nio-8080-exec-1] c.z.h.HikariDataSource [HikariDataSource.java:123] HikariPool-1 - Start completed.
2020-02-17 23:22:33,211 INFO [restartedMain] c.n.c.CommunityApplication [StartupInfoLogger.java:50] Starting CommunityApplication on DESKTOP-QISM9DG with PID 4744 (E:\javawork\community\target\classes started by mingw in E:\javawork\community)
2020-02-17 23:22:33,219 INFO [restartedMain] c.n.c.CommunityApplication [SpringApplication.java:646] No active profile set, falling back to default profiles: default
2020-02-17 23:22:33,320 INFO [restartedMain] o.s.b.d.e.DevToolsPropertyDefaultsPostProcessor [DeferredLog.java:225] Devtools property defaults active! Set 'spring.devtools.add-properties' to 'false' to disable
2020-02-17 23:22:33,320 INFO [restartedMain] o.s.b.d.e.DevToolsPropertyDefaultsPostProcessor [DeferredLog.java:225] For additional web related logging consider setting the 'logging.level.web' property to 'DEBUG'
2020-02-17 23:22:35,319 INFO [restartedMain] o.s.b.w.e.t.TomcatWebServer [TomcatWebServer.java:90] Tomcat initialized with port(s): 8080 (http)
2020-02-17 23:22:35,358 INFO [restartedMain] o.a.c.h.Http11NioProtocol [DirectJDKLog.java:173] Initializing ProtocolHandler ["http-nio-8080"]
2020-02-17 23:22:35,381 INFO [restartedMain] o.a.c.c.StandardService [DirectJDKLog.java:173] Starting service [Tomcat]
2020-02-17 23:22:35,382 INFO [restartedMain] o.a.c.c.StandardEngine [DirectJDKLog.java:173] Starting Servlet engine: [Apache Tomcat/9.0.21]
2020-02-17 23:22:35,482 INFO [restartedMain] o.a.c.c.C.[.[.[/community] [DirectJDKLog.java:173] Initializing Spring embedded WebApplicationContext
2020-02-17 23:22:35,482 INFO [restartedMain] o.s.w.c.ContextLoader [ServletWebServerApplicationContext.java:283] Root WebApplicationContext: initialization completed in 2161 ms
2020-02-17 23:22:36,134 INFO [restartedMain] o.s.s.c.ThreadPoolTaskExecutor [ExecutorConfigurationSupport.java:171] Initializing ExecutorService 'applicationTaskExecutor'
2020-02-17 23:22:36,247 INFO [restartedMain] o.s.b.a.w.s.WelcomePageHandlerMapping [WelcomePageHandlerMapping.java:58] Adding welcome page template: index
2020-02-17 23:22:36,445 INFO [restartedMain] o.s.b.d.a.OptionalLiveReloadServer [OptionalLiveReloadServer.java:57] LiveReload server is running on port 35729
2020-02-17 23:22:36,480 INFO [restartedMain] o.a.c.h.Http11NioProtocol [DirectJDKLog.java:173] Starting ProtocolHandler ["http-nio-8080"]
2020-02-17 23:22:36,505 INFO [restartedMain] o.s.b.w.e.t.TomcatWebServer [TomcatWebServer.java:202] Tomcat started on port(s): 8080 (http) with context path '/community'
2020-02-17 23:22:36,510 INFO [restartedMain] c.n.c.CommunityApplication [StartupInfoLogger.java:59] Started CommunityApplication in 4.049 seconds (JVM running for 6.087)
2020-02-17 23:22:45,778 INFO [http-nio-8080-exec-1] o.a.c.c.C.[.[.[/community] [DirectJDKLog.java:173] Initializing Spring DispatcherServlet 'dispatcherServlet'
2020-02-17 23:22:45,779 INFO [http-nio-8080-exec-1] o.s.w.s.DispatcherServlet [FrameworkServlet.java:524] Initializing Servlet 'dispatcherServlet'
2020-02-17 23:22:45,789 INFO [http-nio-8080-exec-1] o.s.w.s.DispatcherServlet [FrameworkServlet.java:546] Completed initialization in 10 ms
2020-02-17 23:22:45,874 INFO [http-nio-8080-exec-1] c.z.h.HikariDataSource [HikariDataSource.java:110] HikariPool-1 - Starting...
2020-02-17 23:22:46,016 INFO [http-nio-8080-exec-1] c.z.h.HikariDataSource [HikariDataSource.java:123] HikariPool-1 - Start completed.
2020-02-17 23:24:24,467 INFO [restartedMain] c.n.c.CommunityApplication [StartupInfoLogger.java:50] Starting CommunityApplication on DESKTOP-QISM9DG with PID 15920 (E:\javawork\community\target\classes started by mingw in E:\javawork\community)
2020-02-17 23:24:24,472 INFO [restartedMain] c.n.c.CommunityApplication [SpringApplication.java:646] No active profile set, falling back to default profiles: default
2020-02-17 23:24:24,542 INFO [restartedMain] o.s.b.d.e.DevToolsPropertyDefaultsPostProcessor [DeferredLog.java:225] Devtools property defaults active! Set 'spring.devtools.add-properties' to 'false' to disable
2020-02-17 23:24:24,542 INFO [restartedMain] o.s.b.d.e.DevToolsPropertyDefaultsPostProcessor [DeferredLog.java:225] For additional web related logging consider setting the 'logging.level.web' property to 'DEBUG'
2020-02-17 23:24:26,615 INFO [restartedMain] o.s.b.w.e.t.TomcatWebServer [TomcatWebServer.java:90] Tomcat initialized with port(s): 8080 (http)
2020-02-17 23:24:26,648 INFO [restartedMain] o.a.c.h.Http11NioProtocol [DirectJDKLog.java:173] Initializing ProtocolHandler ["http-nio-8080"]
2020-02-17 23:24:26,667 INFO [restartedMain] o.a.c.c.StandardService [DirectJDKLog.java:173] Starting service [Tomcat]
2020-02-17 23:24:26,667 INFO [restartedMain] o.a.c.c.StandardEngine [DirectJDKLog.java:173] Starting Servlet engine: [Apache Tomcat/9.0.21]
2020-02-17 23:24:26,800 INFO [restartedMain] o.a.c.c.C.[.[.[/community] [DirectJDKLog.java:173] Initializing Spring embedded WebApplicationContext
2020-02-17 23:24:26,801 INFO [restartedMain] o.s.w.c.ContextLoader [ServletWebServerApplicationContext.java:283] Root WebApplicationContext: initialization completed in 2259 ms
2020-02-17 23:24:27,442 INFO [restartedMain] o.s.s.c.ThreadPoolTaskExecutor [ExecutorConfigurationSupport.java:171] Initializing ExecutorService 'applicationTaskExecutor'
2020-02-17 23:24:27,550 INFO [restartedMain] o.s.b.a.w.s.WelcomePageHandlerMapping [WelcomePageHandlerMapping.java:58] Adding welcome page template: index
2020-02-17 23:24:27,674 INFO [restartedMain] o.s.b.d.a.OptionalLiveReloadServer [OptionalLiveReloadServer.java:57] LiveReload server is running on port 35729
2020-02-17 23:24:27,709 INFO [restartedMain] o.a.c.h.Http11NioProtocol [DirectJDKLog.java:173] Starting ProtocolHandler ["http-nio-8080"]
2020-02-17 23:24:27,742 INFO [restartedMain] o.s.b.w.e.t.TomcatWebServer [TomcatWebServer.java:202] Tomcat started on port(s): 8080 (http) with context path '/community'
2020-02-17 23:24:27,748 INFO [restartedMain] c.n.c.CommunityApplication [StartupInfoLogger.java:59] Started CommunityApplication in 4.046 seconds (JVM running for 5.753)
2020-02-17 23:24:39,832 INFO [http-nio-8080-exec-2] o.a.c.c.C.[.[.[/community] [DirectJDKLog.java:173] Initializing Spring DispatcherServlet 'dispatcherServlet'
2020-02-17 23:24:39,833 INFO [http-nio-8080-exec-2] o.s.w.s.DispatcherServlet [FrameworkServlet.java:524] Initializing Servlet 'dispatcherServlet'
2020-02-17 23:24:39,851 INFO [http-nio-8080-exec-2] o.s.w.s.DispatcherServlet [FrameworkServlet.java:546] Completed initialization in 17 ms
2020-02-17 23:24:39,923 INFO [http-nio-8080-exec-2] c.z.h.HikariDataSource [HikariDataSource.java:110] HikariPool-1 - Starting...
2020-02-17 23:24:40,062 INFO [http-nio-8080-exec-2] c.z.h.HikariDataSource [HikariDataSource.java:123] HikariPool-1 - Start completed.
2020-02-17 23:28:17,071 INFO [restartedMain] c.n.c.CommunityApplication [StartupInfoLogger.java:50] Starting CommunityApplication on DESKTOP-QISM9DG with PID 15908 (E:\javawork\community\target\classes started by mingw in E:\javawork\community)
2020-02-17 23:28:17,081 INFO [restartedMain] c.n.c.CommunityApplication [SpringApplication.java:646] No active profile set, falling back to default profiles: default
2020-02-17 23:28:17,140 INFO [restartedMain] o.s.b.d.e.DevToolsPropertyDefaultsPostProcessor [DeferredLog.java:225] Devtools property defaults active! Set 'spring.devtools.add-properties' to 'false' to disable
2020-02-17 23:28:17,141 INFO [restartedMain] o.s.b.d.e.DevToolsPropertyDefaultsPostProcessor [DeferredLog.java:225] For additional web related logging consider setting the 'logging.level.web' property to 'DEBUG'
2020-02-17 23:28:19,120 INFO [restartedMain] o.s.b.w.e.t.TomcatWebServer [TomcatWebServer.java:90] Tomcat initialized with port(s): 8080 (http)
2020-02-17 23:28:19,155 INFO [restartedMain] o.a.c.h.Http11NioProtocol [DirectJDKLog.java:173] Initializing ProtocolHandler ["http-nio-8080"]
2020-02-17 23:28:19,170 INFO [restartedMain] o.a.c.c.StandardService [DirectJDKLog.java:173] Starting service [Tomcat]
2020-02-17 23:28:19,170 INFO [restartedMain] o.a.c.c.StandardEngine [DirectJDKLog.java:173] Starting Servlet engine: [Apache Tomcat/9.0.21]
2020-02-17 23:28:19,279 INFO [restartedMain] o.a.c.c.C.[.[.[/community] [DirectJDKLog.java:173] Initializing Spring embedded WebApplicationContext
2020-02-17 23:28:19,280 INFO [restartedMain] o.s.w.c.ContextLoader [ServletWebServerApplicationContext.java:283] Root WebApplicationContext: initialization completed in 2139 ms
2020-02-17 23:28:19,849 INFO [restartedMain] o.s.s.c.ThreadPoolTaskExecutor [ExecutorConfigurationSupport.java:171] Initializing ExecutorService 'applicationTaskExecutor'
2020-02-17 23:28:19,961 INFO [restartedMain] o.s.b.a.w.s.WelcomePageHandlerMapping [WelcomePageHandlerMapping.java:58] Adding welcome page template: index
2020-02-17 23:28:20,109 INFO [restartedMain] o.s.b.d.a.OptionalLiveReloadServer [OptionalLiveReloadServer.java:57] LiveReload server is running on port 35729
2020-02-17 23:28:20,167 INFO [restartedMain] o.a.c.h.Http11NioProtocol [DirectJDKLog.java:173] Starting ProtocolHandler ["http-nio-8080"]
2020-02-17 23:28:20,199 INFO [restartedMain] o.s.b.w.e.t.TomcatWebServer [TomcatWebServer.java:202] Tomcat started on port(s): 8080 (http) with context path '/community'
2020-02-17 23:28:20,207 INFO [restartedMain] c.n.c.CommunityApplication [StartupInfoLogger.java:59] Started CommunityApplication in 3.799 seconds (JVM running for 5.238)
2020-02-17 23:28:31,802 INFO [http-nio-8080-exec-1] o.a.c.c.C.[.[.[/community] [DirectJDKLog.java:173] Initializing Spring DispatcherServlet 'dispatcherServlet'
2020-02-17 23:28:31,803 INFO [http-nio-8080-exec-1] o.s.w.s.DispatcherServlet [FrameworkServlet.java:524] Initializing Servlet 'dispatcherServlet'
2020-02-17 23:28:31,814 INFO [http-nio-8080-exec-1] o.s.w.s.DispatcherServlet [FrameworkServlet.java:546] Completed initialization in 11 ms
2020-02-17 23:28:31,891 INFO [http-nio-8080-exec-1] c.z.h.HikariDataSource [HikariDataSource.java:110] HikariPool-1 - Starting...
2020-02-17 23:29:22,520 INFO [restartedMain] c.n.c.CommunityApplication [StartupInfoLogger.java:50] Starting CommunityApplication on DESKTOP-QISM9DG with PID 16180 (E:\javawork\community\target\classes started by mingw in E:\javawork\community)
2020-02-17 23:29:22,525 INFO [restartedMain] c.n.c.CommunityApplication [SpringApplication.java:646] No active profile set, falling back to default profiles: default
2020-02-17 23:29:22,665 INFO [restartedMain] o.s.b.d.e.DevToolsPropertyDefaultsPostProcessor [DeferredLog.java:225] Devtools property defaults active! Set 'spring.devtools.add-properties' to 'false' to disable
2020-02-17 23:29:22,666 INFO [restartedMain] o.s.b.d.e.DevToolsPropertyDefaultsPostProcessor [DeferredLog.java:225] For additional web related logging consider setting the 'logging.level.web' property to 'DEBUG'
2020-02-17 23:29:25,020 INFO [restartedMain] o.s.b.w.e.t.TomcatWebServer [TomcatWebServer.java:90] Tomcat initialized with port(s): 8080 (http)
2020-02-17 23:29:25,045 INFO [restartedMain] o.a.c.h.Http11NioProtocol [DirectJDKLog.java:173] Initializing ProtocolHandler ["http-nio-8080"]
2020-02-17 23:29:25,067 INFO [restartedMain] o.a.c.c.StandardService [DirectJDKLog.java:173] Starting service [Tomcat]
2020-02-17 23:29:25,067 INFO [restartedMain] o.a.c.c.StandardEngine [DirectJDKLog.java:173] Starting Servlet engine: [Apache Tomcat/9.0.21]
2020-02-17 23:29:25,192 INFO [restartedMain] o.a.c.c.C.[.[.[/community] [DirectJDKLog.java:173] Initializing Spring embedded WebApplicationContext
2020-02-17 23:29:25,193 INFO [restartedMain] o.s.w.c.ContextLoader [ServletWebServerApplicationContext.java:283] Root WebApplicationContext: initialization completed in 2527 ms
2020-02-17 23:29:25,779 INFO [restartedMain] o.s.s.c.ThreadPoolTaskExecutor [ExecutorConfigurationSupport.java:171] Initializing ExecutorService 'applicationTaskExecutor'
2020-02-17 23:29:25,886 INFO [restartedMain] o.s.b.a.w.s.WelcomePageHandlerMapping [WelcomePageHandlerMapping.java:58] Adding welcome page template: index
2020-02-17 23:29:26,018 INFO [restartedMain] o.s.b.d.a.OptionalLiveReloadServer [OptionalLiveReloadServer.java:57] LiveReload server is running on port 35729
2020-02-17 23:29:26,052 INFO [restartedMain] o.a.c.h.Http11NioProtocol [DirectJDKLog.java:173] Starting ProtocolHandler ["http-nio-8080"]
2020-02-17 23:29:26,102 INFO [restartedMain] o.s.b.w.e.t.TomcatWebServer [TomcatWebServer.java:202] Tomcat started on port(s): 8080 (http) with context path '/community'
2020-02-17 23:29:26,107 INFO [restartedMain] c.n.c.CommunityApplication [StartupInfoLogger.java:59] Started CommunityApplication in 4.613 seconds (JVM running for 6.659)
2020-02-17 23:30:05,963 INFO [http-nio-8080-exec-1] o.a.c.c.C.[.[.[/community] [DirectJDKLog.java:173] Initializing Spring DispatcherServlet 'dispatcherServlet'
2020-02-17 23:30:05,964 INFO [http-nio-8080-exec-1] o.s.w.s.DispatcherServlet [FrameworkServlet.java:524] Initializing Servlet 'dispatcherServlet'
2020-02-17 23:30:05,974 INFO [http-nio-8080-exec-1] o.s.w.s.DispatcherServlet [FrameworkServlet.java:546] Completed initialization in 10 ms
2020-02-17 23:30:06,040 INFO [http-nio-8080-exec-1] c.z.h.HikariDataSource [HikariDataSource.java:110] HikariPool-1 - Starting...
2020-02-17 23:30:06,179 INFO [http-nio-8080-exec-1] c.z.h.HikariDataSource [HikariDataSource.java:123] HikariPool-1 - Start completed.
2020-02-17 23:32:48,925 INFO [restartedMain] c.n.c.CommunityApplication [StartupInfoLogger.java:50] Starting CommunityApplication on DESKTOP-QISM9DG with PID 14356 (E:\javawork\community\target\classes started by mingw in E:\javawork\community)
2020-02-17 23:32:48,931 INFO [restartedMain] c.n.c.CommunityApplication [SpringApplication.java:646] No active profile set, falling back to default profiles: default
2020-02-17 23:32:49,084 INFO [restartedMain] o.s.b.d.e.DevToolsPropertyDefaultsPostProcessor [DeferredLog.java:225] Devtools property defaults active! Set 'spring.devtools.add-properties' to 'false' to disable
2020-02-17 23:32:49,085 INFO [restartedMain] o.s.b.d.e.DevToolsPropertyDefaultsPostProcessor [DeferredLog.java:225] For additional web related logging consider setting the 'logging.level.web' property to 'DEBUG'
2020-02-17 23:32:51,334 INFO [restartedMain] o.s.b.w.e.t.TomcatWebServer [TomcatWebServer.java:90] Tomcat initialized with port(s): 8080 (http)
2020-02-17 23:32:51,358 INFO [restartedMain] o.a.c.h.Http11NioProtocol [DirectJDKLog.java:173] Initializing ProtocolHandler ["http-nio-8080"]
2020-02-17 23:32:51,375 INFO [restartedMain] o.a.c.c.StandardService [DirectJDKLog.java:173] Starting service [Tomcat]
2020-02-17 23:32:51,378 INFO [restartedMain] o.a.c.c.StandardEngine [DirectJDKLog.java:173] Starting Servlet engine: [Apache Tomcat/9.0.21]
2020-02-17 23:32:51,525 INFO [restartedMain] o.a.c.c.C.[.[.[/community] [DirectJDKLog.java:173] Initializing Spring embedded WebApplicationContext
2020-02-17 23:32:51,526 INFO [restartedMain] o.s.w.c.ContextLoader [ServletWebServerApplicationContext.java:283] Root WebApplicationContext: initialization completed in 2441 ms
2020-02-17 23:32:52,455 INFO [restartedMain] o.s.s.c.ThreadPoolTaskExecutor [ExecutorConfigurationSupport.java:171] Initializing ExecutorService 'applicationTaskExecutor'
2020-02-17 23:32:52,617 INFO [restartedMain] o.s.b.a.w.s.WelcomePageHandlerMapping [WelcomePageHandlerMapping.java:58] Adding welcome page template: index
2020-02-17 23:32:52,805 INFO [restartedMain] o.s.b.d.a.OptionalLiveReloadServer [OptionalLiveReloadServer.java:57] LiveReload server is running on port 35729
2020-02-17 23:32:52,863 INFO [restartedMain] o.a.c.h.Http11NioProtocol [DirectJDKLog.java:173] Starting ProtocolHandler ["http-nio-8080"]
2020-02-17 23:32:52,904 INFO [restartedMain] o.s.b.w.e.t.TomcatWebServer [TomcatWebServer.java:202] Tomcat started on port(s): 8080 (http) with context path '/community'
2020-02-17 23:32:52,912 INFO [restartedMain] c.n.c.CommunityApplication [StartupInfoLogger.java:59] Started CommunityApplication in 5.212 seconds (JVM running for 7.268)
2020-02-17 23:32:54,325 INFO [http-nio-8080-exec-1] o.a.c.c.C.[.[.[/community] [DirectJDKLog.java:173] Initializing Spring DispatcherServlet 'dispatcherServlet'
2020-02-17 23:32:54,326 INFO [http-nio-8080-exec-1] o.s.w.s.DispatcherServlet [FrameworkServlet.java:524] Initializing Servlet 'dispatcherServlet'
2020-02-17 23:32:54,338 INFO [http-nio-8080-exec-1] o.s.w.s.DispatcherServlet [FrameworkServlet.java:546] Completed initialization in 11 ms
2020-02-17 23:32:54,422 INFO [http-nio-8080-exec-1] c.z.h.HikariDataSource [HikariDataSource.java:110] HikariPool-1 - Starting...
2020-02-17 23:32:54,597 INFO [http-nio-8080-exec-1] c.z.h.HikariDataSource [HikariDataSource.java:123] HikariPool-1 - Start completed.
2020-02-17 23:35:26,517 INFO [Thread-8] o.s.s.c.ThreadPoolTaskExecutor [ExecutorConfigurationSupport.java:208] Shutting down ExecutorService 'applicationTaskExecutor'
2020-02-17 23:35:26,518 INFO [Thread-8] c.z.h.HikariDataSource [HikariDataSource.java:350] HikariPool-1 - Shutdown initiated...
2020-02-17 23:35:26,529 INFO [Thread-8] c.z.h.HikariDataSource [HikariDataSource.java:352] HikariPool-1 - Shutdown completed.
2020-02-17 23:58:45,107 INFO [restartedMain] c.n.c.CommunityApplication [StartupInfoLogger.java:50] Starting CommunityApplication on DESKTOP-QISM9DG with PID 7976 (E:\javawork\community\target\classes started by mingw in E:\javawork\community)
2020-02-17 23:58:45,112 INFO [restartedMain] c.n.c.CommunityApplication [SpringApplication.java:646] No active profile set, falling back to default profiles: default
2020-02-17 23:58:45,186 INFO [restartedMain] o.s.b.d.e.DevToolsPropertyDefaultsPostProcessor [DeferredLog.java:225] Devtools property defaults active! Set 'spring.devtools.add-properties' to 'false' to disable
2020-02-17 23:58:45,187 INFO [restartedMain] o.s.b.d.e.DevToolsPropertyDefaultsPostProcessor [DeferredLog.java:225] For additional web related logging consider setting the 'logging.level.web' property to 'DEBUG'
2020-02-17 23:58:48,043 INFO [restartedMain] o.s.b.w.e.t.TomcatWebServer [TomcatWebServer.java:90] Tomcat initialized with port(s): 8080 (http)
2020-02-17 23:58:48,084 INFO [restartedMain] o.a.c.h.Http11NioProtocol [DirectJDKLog.java:173] Initializing ProtocolHandler ["http-nio-8080"]
2020-02-17 23:58:48,106 INFO [restartedMain] o.a.c.c.StandardService [DirectJDKLog.java:173] Starting service [Tomcat]
2020-02-17 23:58:48,107 INFO [restartedMain] o.a.c.c.StandardEngine [DirectJDKLog.java:173] Starting Servlet engine: [Apache Tomcat/9.0.21]
2020-02-17 23:58:48,231 INFO [restartedMain] o.a.c.c.C.[.[.[/community] [DirectJDKLog.java:173] Initializing Spring embedded WebApplicationContext
2020-02-17 23:58:48,231 INFO [restartedMain] o.s.w.c.ContextLoader [ServletWebServerApplicationContext.java:283] Root WebApplicationContext: initialization completed in 3044 ms
2020-02-17 23:58:48,994 INFO [restartedMain] o.s.s.c.ThreadPoolTaskExecutor [ExecutorConfigurationSupport.java:171] Initializing ExecutorService 'applicationTaskExecutor'
2020-02-17 23:58:49,108 INFO [restartedMain] o.s.b.a.w.s.WelcomePageHandlerMapping [WelcomePageHandlerMapping.java:58] Adding welcome page template: index
2020-02-17 23:58:49,288 INFO [restartedMain] o.s.b.d.a.OptionalLiveReloadServer [OptionalLiveReloadServer.java:57] LiveReload server is running on port 35729
2020-02-17 23:58:49,367 INFO [restartedMain] o.a.c.h.Http11NioProtocol [DirectJDKLog.java:173] Starting ProtocolHandler ["http-nio-8080"]
2020-02-17 23:58:49,411 INFO [restartedMain] o.s.b.w.e.t.TomcatWebServer [TomcatWebServer.java:202] Tomcat started on port(s): 8080 (http) with context path '/community'
2020-02-17 23:58:49,422 INFO [restartedMain] c.n.c.CommunityApplication [StartupInfoLogger.java:59] Started CommunityApplication in 5.135 seconds (JVM running for 6.998)
2020-02-17 23:58:50,456 INFO [http-nio-8080-exec-2] o.a.c.c.C.[.[.[/community] [DirectJDKLog.java:173] Initializing Spring DispatcherServlet 'dispatcherServlet'
2020-02-17 23:58:50,458 INFO [http-nio-8080-exec-2] o.s.w.s.DispatcherServlet [FrameworkServlet.java:524] Initializing Servlet 'dispatcherServlet'
2020-02-17 23:58:50,478 INFO [http-nio-8080-exec-2] o.s.w.s.DispatcherServlet [FrameworkServlet.java:546] Completed initialization in 20 ms
2020-02-17 23:58:50,575 INFO [http-nio-8080-exec-2] c.z.h.HikariDataSource [HikariDataSource.java:110] HikariPool-1 - Starting...
2020-02-17 23:58:50,793 INFO [http-nio-8080-exec-2] c.z.h.HikariDataSource [HikariDataSource.java:123] HikariPool-1 - Start completed.
